#
# There is insufficient memory for the Java Runtime Environment to continue.
# Native memory allocation (malloc) failed to allocate 1128176 bytes for Chunk::new
# Possible reasons:
#   The system is out of physical RAM or swap space
#   The process is running with CompressedOops enabled, and the Java Heap may be blocking the growth of the native heap
# Possible solutions:
#   Reduce memory load on the system
#   Increase physical memory or swap space
#   Check if swap backing store is full
#   Decrease Java heap size (-Xmx/-Xms)
#   Decrease number of Java threads
#   Decrease Java thread stack sizes (-Xss)
#   Set larger code cache with -XX:ReservedCodeCacheSize=
#   JVM is running with Zero Based Compressed Oops mode in which the Java heap is
#     placed in the first 32GB address space. The Java Heap base address is the
#     maximum limit for the native heap growth. Please use -XX:HeapBaseMinAddress
#     to set the Java Heap base and to place the Java Heap above 32GB virtual address.
# This output file may be truncated or incomplete.
#
#  Out of Memory Error (./open/src/hotspot/share/memory/arena.cpp:195), pid=10680, tid=13792
#
# JRE version: Java(TM) SE Runtime Environment (15.0+36) (build 15+36-1562)
# Java VM: Java HotSpot(TM) 64-Bit Server VM (15+36-1562, mixed mode, sharing, tiered, compressed oops, g1 gc, windows-amd64)
# No core dump will be written. Minidumps are not enabled by default on client versions of Windows
#

---------------  S U M M A R Y ------------

Command Line: -Dmaven.multiModuleProjectDirectory=E:\Workspaces\Git\eden-demo-cola -Dmaven.home=C:\Users\sion1\.m2\wrapper\dists\apache-maven-3.6.3-bin\1iopthnavndlasol9gbrbg6bf2\apache-maven-3.6.3 -Dclassworlds.conf=C:\Users\sion1\.m2\wrapper\dists\apache-maven-3.6.3-bin\1iopthnavndlasol9gbrbg6bf2\apache-maven-3.6.3\bin\m2.conf -Dmaven.ext.class.path=E:\Softwares\JetBrainsToolbox\toolbox\apps\IDEA-U\ch-0\222.4459.24\plugins\maven\lib\maven-event-listener.jar -javaagent:E:\Softwares\JetBrainsToolbox\toolbox\apps\IDEA-U\ch-0\222.4459.24\lib\idea_rt.jar=62816:E:\Softwares\JetBrainsToolbox\toolbox\apps\IDEA-U\ch-0\222.4459.24\bin -Dfile.encoding=UTF-8 org.codehaus.classworlds.Launcher -Didea.version=2022.2.4 --errors --update-snapshots -T 4C -s E:\Softwares\Maven\conf\settings.xml -Dmaven.repo.local=E:\Workspaces\Maven test -P codeup,integration-test,!coding,!github,!unit-test

Host: Intel(R) Core(TM) i7-9750H CPU @ 2.60GHz, 12 cores, 15G,  Windows 10 , 64 bit Build 22621 (10.0.22621.755)
Time: Tue Nov 29 00:35:26 2022 中国标准时间 elapsed time: 17.079442 seconds (0d 0h 0m 17s)

---------------  T H R E A D  ---------------

Current thread (0x00000211f3f46600):  JavaThread "C2 CompilerThread0" daemon [_thread_in_native, id=13792, stack(0x0000005831200000,0x0000005831300000)]


Current CompileTask:
C2:  17079 11396       4       java.util.ComparableTimSort::binarySort (223 bytes)

Stack: [0x0000005831200000,0x0000005831300000]
Native frames: (J=compiled Java code, j=interpreted, Vv=VM code, C=native code)
V  [jvm.dll+0x629eaa]
V  [jvm.dll+0x780379]
V  [jvm.dll+0x781ad3]
V  [jvm.dll+0x782133]
V  [jvm.dll+0x2159d5]
V  [jvm.dll+0x9794a]
V  [jvm.dll+0x9802c]
V  [jvm.dll+0x32dbd8]
V  [jvm.dll+0x2f6ffa]
V  [jvm.dll+0x2f63ba]
V  [jvm.dll+0x1e9dd5]
V  [jvm.dll+0x1e903e]
V  [jvm.dll+0x177f17]
V  [jvm.dll+0x1f88f5]
V  [jvm.dll+0x1f699c]
V  [jvm.dll+0x74384d]
V  [jvm.dll+0x73c64a]
V  [jvm.dll+0x628d16]
C  [ucrtbase.dll+0x29363]
C  [KERNEL32.DLL+0x1244d]
C  [ntdll.dll+0x5dfb8]


---------------  P R O C E S S  ---------------

Threads class SMR info:
_java_thread_list=0x00000211f49fa450, length=27, elements={
0x00000211cfcc2f40, 0x00000211f371b610, 0x00000211f371e100, 0x00000211f3f43370,
0x00000211f3f43c30, 0x00000211f3f444f0, 0x00000211f3f46600, 0x00000211f3f48fc0,
0x00000211f3f4c8e0, 0x00000211f405dee0, 0x00000211f4136cd0, 0x00000211f41371a0,
0x00000211f5752020, 0x00000211f5753830, 0x00000211f57546a0, 0x00000211f5753d00,
0x00000211f57541d0, 0x00000211f5750ce0, 0x00000211f5751680, 0x00000211f5751b50,
0x00000211f718c290, 0x00000211f718a5b0, 0x00000211f718af50, 0x00000211f718df70,
0x00000211f718b420, 0x00000211f40d6b80, 0x00000211f7109690
}

Java Threads: ( => current thread )
  0x00000211cfcc2f40 JavaThread "main" [_thread_blocked, id=19320, stack(0x0000005830600000,0x0000005830700000)]
  0x00000211f371b610 JavaThread "Reference Handler" daemon [_thread_blocked, id=9780, stack(0x0000005830d00000,0x0000005830e00000)]
  0x00000211f371e100 JavaThread "Finalizer" daemon [_thread_blocked, id=20172, stack(0x0000005830e00000,0x0000005830f00000)]
  0x00000211f3f43370 JavaThread "Signal Dispatcher" daemon [_thread_blocked, id=11820, stack(0x0000005830f00000,0x0000005831000000)]
  0x00000211f3f43c30 JavaThread "Attach Listener" daemon [_thread_blocked, id=19592, stack(0x0000005831000000,0x0000005831100000)]
  0x00000211f3f444f0 JavaThread "Service Thread" daemon [_thread_blocked, id=20644, stack(0x0000005831100000,0x0000005831200000)]
=>0x00000211f3f46600 JavaThread "C2 CompilerThread0" daemon [_thread_in_native, id=13792, stack(0x0000005831200000,0x0000005831300000)]
  0x00000211f3f48fc0 JavaThread "C1 CompilerThread0" daemon [_thread_in_native, id=20800, stack(0x0000005831300000,0x0000005831400000)]
  0x00000211f3f4c8e0 JavaThread "Sweeper thread" daemon [_thread_blocked, id=13892, stack(0x0000005831400000,0x0000005831500000)]
  0x00000211f405dee0 JavaThread "Common-Cleaner" daemon [_thread_blocked, id=15736, stack(0x0000005831500000,0x0000005831600000)]
  0x00000211f4136cd0 JavaThread "Monitor Ctrl-Break" daemon [_thread_in_native, id=15068, stack(0x0000005831700000,0x0000005831800000)]
  0x00000211f41371a0 JavaThread "Notification Thread" daemon [_thread_blocked, id=20568, stack(0x0000005831800000,0x0000005831900000)]
  0x00000211f5752020 JavaThread "BuilderThread 0" [_thread_blocked, id=7832, stack(0x0000005832000000,0x0000005832100000)]
  0x00000211f5753830 JavaThread "BuilderThread 1" [_thread_blocked, id=20596, stack(0x0000005832100000,0x0000005832200000)]
  0x00000211f57546a0 JavaThread "BuilderThread 2" [_thread_blocked, id=6660, stack(0x0000005832200000,0x0000005832300000)]
  0x00000211f5753d00 JavaThread "resolver-2" daemon [_thread_blocked, id=8168, stack(0x0000005832500000,0x0000005832600000)]
  0x00000211f57541d0 JavaThread "resolver-1" daemon [_thread_blocked, id=14660, stack(0x0000005832600000,0x0000005832700000)]
  0x00000211f5750ce0 JavaThread "resolver-3" daemon [_thread_blocked, id=11624, stack(0x0000005832700000,0x0000005832800000)]
  0x00000211f5751680 JavaThread "resolver-4" daemon [_thread_blocked, id=3020, stack(0x0000005832800000,0x0000005832900000)]
  0x00000211f5751b50 JavaThread "resolver-5" daemon [_thread_blocked, id=18444, stack(0x0000005832900000,0x0000005832a00000)]
  0x00000211f718c290 JavaThread "BuilderThread 3" [_thread_blocked, id=18792, stack(0x0000005832c00000,0x0000005832d00000)]
  0x00000211f718a5b0 JavaThread "ForkJoinPool.commonPool-worker-19" daemon [_thread_blocked, id=20148, stack(0x0000005831a00000,0x0000005831b00000)]
  0x00000211f718af50 JavaThread "ForkJoinPool.commonPool-worker-5" daemon [_thread_blocked, id=9104, stack(0x0000005833400000,0x0000005833500000)]
  0x00000211f718df70 JavaThread "ForkJoinPool.commonPool-worker-23" daemon [_thread_blocked, id=16328, stack(0x0000005833500000,0x0000005833600000)]
  0x00000211f718b420 JavaThread "BuilderThread 4" [_thread_in_Java, id=10932, stack(0x0000005833700000,0x0000005833800000)]
  0x00000211f40d6b80 JavaThread "C2 CompilerThread1" daemon [_thread_in_native, id=6096, stack(0x0000005831600000,0x0000005831700000)]
  0x00000211f7109690 JavaThread "C2 CompilerThread2" daemon [_thread_in_native, id=16844, stack(0x0000005833900000,0x0000005833a00000)]

Other Threads:
  0x00000211f3f28830 VMThread "VM Thread" [stack: 0x0000005830c00000,0x0000005830d00000] [id=8952]
  0x00000211f4139340 WatcherThread [stack: 0x0000005831900000,0x0000005831a00000] [id=17004]
  0x00000211cfd140a0 GCTaskThread "GC Thread#0" [stack: 0x0000005830700000,0x0000005830800000] [id=12896]
  0x00000211f4470670 GCTaskThread "GC Thread#1" [stack: 0x0000005831b00000,0x0000005831c00000] [id=14508]
  0x00000211f4470cd0 GCTaskThread "GC Thread#2" [stack: 0x0000005831c00000,0x0000005831d00000] [id=12708]
  0x00000211f4471990 GCTaskThread "GC Thread#3" [stack: 0x0000005831d00000,0x0000005831e00000] [id=9568]
  0x00000211f4471000 GCTaskThread "GC Thread#4" [stack: 0x0000005831e00000,0x0000005831f00000] [id=9984]
  0x00000211f446f9b0 GCTaskThread "GC Thread#5" [stack: 0x0000005831f00000,0x0000005832000000] [id=9852]
  0x00000211f446f680 GCTaskThread "GC Thread#6" [stack: 0x0000005832300000,0x0000005832400000] [id=11716]
  0x00000211f446e9c0 GCTaskThread "GC Thread#7" [stack: 0x0000005832400000,0x0000005832500000] [id=15124]
  0x00000211f513b0d0 GCTaskThread "GC Thread#8" [stack: 0x0000005832d00000,0x0000005832e00000] [id=20820]
  0x00000211f513c0c0 GCTaskThread "GC Thread#9" [stack: 0x0000005832e00000,0x0000005832f00000] [id=13208]
  0x00000211cfd25190 ConcurrentGCThread "G1 Main Marker" [stack: 0x0000005830800000,0x0000005830900000] [id=4344]
  0x00000211cfd265a0 ConcurrentGCThread "G1 Conc#0" [stack: 0x0000005830900000,0x0000005830a00000] [id=12724]
  0x00000211f4471cc0 ConcurrentGCThread "G1 Conc#1" [stack: 0x0000005832a00000,0x0000005832b00000] [id=21304]
  0x00000211f513ada0 ConcurrentGCThread "G1 Conc#2" [stack: 0x0000005832b00000,0x0000005832c00000] [id=12492]
  0x00000211cfd86bb0 ConcurrentGCThread "G1 Refine#0" [stack: 0x0000005830a00000,0x0000005830b00000] [id=15084]
  0x00000211f94d97d0 ConcurrentGCThread "G1 Refine#1" [stack: 0x0000005832f00000,0x0000005833000000] [id=18316]
  0x00000211f69d8550 ConcurrentGCThread "G1 Refine#2" [stack: 0x0000005833000000,0x0000005833100000] [id=20948]
  0x00000211f93a18d0 ConcurrentGCThread "G1 Refine#3" [stack: 0x0000005833100000,0x0000005833200000] [id=15428]
  0x00000211f68a80b0 ConcurrentGCThread "G1 Refine#4" [stack: 0x0000005833200000,0x0000005833300000] [id=3440]
  0x00000211f9659f40 ConcurrentGCThread "G1 Refine#5" [stack: 0x0000005833300000,0x0000005833400000] [id=13056]
  0x00000211f6a39080 ConcurrentGCThread "G1 Refine#6" [stack: 0x0000005833600000,0x0000005833700000] [id=1616]
  0x00000211f8fc6d60 ConcurrentGCThread "G1 Refine#7" [stack: 0x0000005833800000,0x0000005833900000] [id=4404]
  0x00000211f35a35d0 ConcurrentGCThread "G1 Young RemSet Sampling" [stack: 0x0000005830b00000,0x0000005830c00000] [id=18500]

Threads with active compile tasks:
C2 CompilerThread0    17118 11396       4       java.util.ComparableTimSort::binarySort (223 bytes)
C1 CompilerThread0    17118 11444   !   3       com.sun.tools.javac.jvm.ClassReader::readClassFile (560 bytes)
C2 CompilerThread1    17118 11398       4       java.util.ComparableTimSort::countRunAndMakeAscending (123 bytes)
C2 CompilerThread2    17118 11397       4       java.util.ArrayList::sort (45 bytes)

VM state: not at safepoint (normal execution)

VM Mutex/Monitor currently owned by a thread: None

Heap address: 0x0000000703400000, size: 4044 MB, Compressed Oops mode: Zero based, Oop shift amount: 3
CDS archive(s) mapped at: [0x0000000800000000-0x0000000800b50000-0x0000000800b50000), size 11862016, SharedBaseAddress: 0x0000000800000000, ArchiveRelocationMode: 0.
Compressed class space mapped at: 0x0000000800b50000-0x0000000840b50000, size: 1073741824
Narrow klass base: 0x0000000800000000, Narrow klass shift: 3, Narrow klass range: 0x100000000

GC Precious Log:
 CPUs: 12 total, 12 available
 Memory: 16174M
 Large Page Support: Disabled
 NUMA Support: Disabled
 Compressed Oops: Enabled (Zero based)
 Heap Region Size: 2M
 Heap Min Capacity: 8M
 Heap Initial Capacity: 254M
 Heap Max Capacity: 4044M
 Pre-touch: Disabled
 Parallel Workers: 10
 Concurrent Workers: 3
 Concurrent Refinement Workers: 10
 Periodic GC: Disabled

Heap:
 garbage-first heap   total 294912K, used 188132K [0x0000000703400000, 0x0000000800000000)
  region size 2048K, 30 young (61440K), 5 survivors (10240K)
 Metaspace       used 48334K, capacity 49273K, committed 49328K, reserved 1093632K
  class space    used 5319K, capacity 5589K, committed 5632K, reserved 1048576K

Heap Regions: E=young(eden), S=young(survivor), O=old, HS=humongous(starts), HC=humongous(continues), CS=collection set, F=free, OA=open archive, CA=closed archive, TAMS=top-at-mark-start (previous, next)
|   0|0x0000000703400000, 0x0000000703600000, 0x0000000703600000|100%| O|  |TAMS 0x0000000703600000, 0x0000000703400000| Untracked 
|   1|0x0000000703600000, 0x0000000703800000, 0x0000000703800000|100%| O|  |TAMS 0x0000000703800000, 0x0000000703600000| Untracked 
|   2|0x0000000703800000, 0x0000000703a00000, 0x0000000703a00000|100%| O|  |TAMS 0x0000000703a00000, 0x0000000703800000| Untracked 
|   3|0x0000000703a00000, 0x0000000703c00000, 0x0000000703c00000|100%| O|  |TAMS 0x0000000703c00000, 0x0000000703a00000| Untracked 
|   4|0x0000000703c00000, 0x0000000703e00000, 0x0000000703e00000|100%| O|  |TAMS 0x0000000703e00000, 0x0000000703c00000| Untracked 
|   5|0x0000000703e00000, 0x0000000704000000, 0x0000000704000000|100%| O|  |TAMS 0x0000000704000000, 0x0000000703e00000| Complete 
|   6|0x0000000704000000, 0x0000000704200000, 0x0000000704200000|100%| O|  |TAMS 0x0000000704200000, 0x0000000704000000| Complete 
|   7|0x0000000704200000, 0x0000000704400000, 0x0000000704400000|100%| O|  |TAMS 0x0000000704400000, 0x0000000704200000| Complete 
|   8|0x0000000704400000, 0x0000000704600000, 0x0000000704600000|100%| O|  |TAMS 0x0000000704400000, 0x0000000704400000| Untracked 
|   9|0x0000000704600000, 0x0000000704800000, 0x0000000704800000|100%| O|  |TAMS 0x0000000704800000, 0x0000000704600000| Complete 
|  10|0x0000000704800000, 0x00000007049b9000, 0x0000000704a00000| 86%| O|  |TAMS 0x0000000704800000, 0x0000000704800000| Untracked 
|  11|0x0000000704a00000, 0x0000000704c00000, 0x0000000704c00000|100%| O|  |TAMS 0x0000000704c00000, 0x0000000704a00000| Complete 
|  12|0x0000000704c00000, 0x0000000704e00000, 0x0000000704e00000|100%| O|  |TAMS 0x0000000704e00000, 0x0000000704c00000| Complete 
|  13|0x0000000704e00000, 0x0000000704e00000, 0x0000000705000000|  0%| F|  |TAMS 0x0000000704e00000, 0x0000000704e00000| Untracked 
|  14|0x0000000705000000, 0x0000000705200000, 0x0000000705200000|100%| O|  |TAMS 0x0000000705200000, 0x0000000705000000| Complete 
|  15|0x0000000705200000, 0x0000000705400000, 0x0000000705400000|100%| O|  |TAMS 0x0000000705400000, 0x0000000705200000| Complete 
|  16|0x0000000705400000, 0x0000000705600000, 0x0000000705600000|100%| O|  |TAMS 0x0000000705600000, 0x0000000705400000| Untracked 
|  17|0x0000000705600000, 0x0000000705800000, 0x0000000705800000|100%| O|  |TAMS 0x0000000705800000, 0x0000000705600000| Untracked 
|  18|0x0000000705800000, 0x0000000705800000, 0x0000000705a00000|  0%| F|  |TAMS 0x0000000705800000, 0x0000000705800000| Untracked 
|  19|0x0000000705a00000, 0x0000000705c00000, 0x0000000705c00000|100%| O|  |TAMS 0x0000000705c00000, 0x0000000705a00000| Complete 
|  20|0x0000000705c00000, 0x0000000705c00000, 0x0000000705e00000|  0%| F|  |TAMS 0x0000000705c00000, 0x0000000705c00000| Untracked 
|  21|0x0000000705e00000, 0x0000000705e00000, 0x0000000706000000|  0%| F|  |TAMS 0x0000000705e00000, 0x0000000705e00000| Untracked 
|  22|0x0000000706000000, 0x0000000706200000, 0x0000000706200000|100%| O|  |TAMS 0x0000000706200000, 0x0000000706000000| Complete 
|  23|0x0000000706200000, 0x0000000706400000, 0x0000000706400000|100%| O|  |TAMS 0x0000000706400000, 0x0000000706200000| Untracked 
|  24|0x0000000706400000, 0x0000000706600000, 0x0000000706600000|100%| O|  |TAMS 0x0000000706600000, 0x0000000706400000| Untracked 
|  25|0x0000000706600000, 0x0000000706800000, 0x0000000706800000|100%| O|  |TAMS 0x0000000706800000, 0x0000000706600000| Complete 
|  26|0x0000000706800000, 0x0000000706a00000, 0x0000000706a00000|100%| O|  |TAMS 0x0000000706a00000, 0x0000000706800000| Untracked 
|  27|0x0000000706a00000, 0x0000000706c00000, 0x0000000706c00000|100%| O|  |TAMS 0x0000000706c00000, 0x0000000706a00000| Complete 
|  28|0x0000000706c00000, 0x0000000706e00000, 0x0000000706e00000|100%| O|  |TAMS 0x0000000706e00000, 0x0000000706c00000| Complete 
|  29|0x0000000706e00000, 0x0000000707000000, 0x0000000707000000|100%| O|  |TAMS 0x0000000707000000, 0x0000000706e00000| Untracked 
|  30|0x0000000707000000, 0x0000000707200000, 0x0000000707200000|100%| O|  |TAMS 0x0000000707200000, 0x0000000707000000| Complete 
|  31|0x0000000707200000, 0x0000000707400000, 0x0000000707400000|100%| O|  |TAMS 0x0000000707400000, 0x0000000707200000| Untracked 
|  32|0x0000000707400000, 0x0000000707400000, 0x0000000707600000|  0%| F|  |TAMS 0x0000000707400000, 0x0000000707400000| Untracked 
|  33|0x0000000707600000, 0x0000000707800000, 0x0000000707800000|100%| O|  |TAMS 0x0000000707800000, 0x0000000707600000| Complete 
|  34|0x0000000707800000, 0x0000000707a00000, 0x0000000707a00000|100%| O|  |TAMS 0x0000000707a00000, 0x0000000707800000| Complete 
|  35|0x0000000707a00000, 0x0000000707c00000, 0x0000000707c00000|100%| O|  |TAMS 0x0000000707c00000, 0x0000000707a00000| Untracked 
|  36|0x0000000707c00000, 0x0000000707e00000, 0x0000000707e00000|100%| O|  |TAMS 0x0000000707e00000, 0x0000000707c00000| Untracked 
|  37|0x0000000707e00000, 0x0000000708000000, 0x0000000708000000|100%| O|  |TAMS 0x0000000708000000, 0x0000000707e00000| Untracked 
|  38|0x0000000708000000, 0x0000000708200000, 0x0000000708200000|100%| O|  |TAMS 0x0000000708200000, 0x0000000708000000| Untracked 
|  39|0x0000000708200000, 0x0000000708400000, 0x0000000708400000|100%| O|  |TAMS 0x0000000708400000, 0x0000000708200000| Complete 
|  40|0x0000000708400000, 0x0000000708600000, 0x0000000708600000|100%| O|  |TAMS 0x0000000708600000, 0x0000000708400000| Untracked 
|  41|0x0000000708600000, 0x0000000708800000, 0x0000000708800000|100%| O|  |TAMS 0x0000000708800000, 0x0000000708600000| Complete 
|  42|0x0000000708800000, 0x0000000708a00000, 0x0000000708a00000|100%| O|  |TAMS 0x0000000708a00000, 0x0000000708800000| Complete 
|  43|0x0000000708a00000, 0x0000000708c00000, 0x0000000708c00000|100%| O|  |TAMS 0x0000000708c00000, 0x0000000708a00000| Untracked 
|  44|0x0000000708c00000, 0x0000000708e00000, 0x0000000708e00000|100%| O|  |TAMS 0x0000000708e00000, 0x0000000708c00000| Untracked 
|  45|0x0000000708e00000, 0x0000000708e00000, 0x0000000709000000|  0%| F|  |TAMS 0x0000000708e00000, 0x0000000708e00000| Untracked 
|  46|0x0000000709000000, 0x0000000709200000, 0x0000000709200000|100%| O|  |TAMS 0x0000000709200000, 0x0000000709000000| Complete 
|  47|0x0000000709200000, 0x0000000709400000, 0x0000000709400000|100%| O|  |TAMS 0x0000000709400000, 0x0000000709200000| Complete 
|  48|0x0000000709400000, 0x0000000709400000, 0x0000000709600000|  0%| F|  |TAMS 0x0000000709400000, 0x0000000709400000| Untracked 
|  49|0x0000000709600000, 0x0000000709800000, 0x0000000709800000|100%| O|  |TAMS 0x0000000709800000, 0x0000000709600000| Complete 
|  50|0x0000000709800000, 0x0000000709800000, 0x0000000709a00000|  0%| F|  |TAMS 0x0000000709800000, 0x0000000709800000| Untracked 
|  51|0x0000000709a00000, 0x0000000709c00000, 0x0000000709c00000|100%| O|  |TAMS 0x0000000709c00000, 0x0000000709a00000| Complete 
|  52|0x0000000709c00000, 0x0000000709e00000, 0x0000000709e00000|100%| O|  |TAMS 0x0000000709e00000, 0x0000000709c00000| Complete 
|  53|0x0000000709e00000, 0x000000070a000000, 0x000000070a000000|100%| O|  |TAMS 0x000000070a000000, 0x0000000709e00000| Complete 
|  54|0x000000070a000000, 0x000000070a200000, 0x000000070a200000|100%| O|  |TAMS 0x000000070a200000, 0x000000070a000000| Complete 
|  55|0x000000070a200000, 0x000000070a200000, 0x000000070a400000|  0%| F|  |TAMS 0x000000070a200000, 0x000000070a200000| Untracked 
|  56|0x000000070a400000, 0x000000070a600000, 0x000000070a600000|100%| O|  |TAMS 0x000000070a600000, 0x000000070a400000| Complete 
|  57|0x000000070a600000, 0x000000070a800000, 0x000000070a800000|100%| O|  |TAMS 0x000000070a800000, 0x000000070a600000| Untracked 
|  58|0x000000070a800000, 0x000000070a800000, 0x000000070aa00000|  0%| F|  |TAMS 0x000000070a800000, 0x000000070a800000| Untracked 
|  59|0x000000070aa00000, 0x000000070ac00000, 0x000000070ac00000|100%| O|  |TAMS 0x000000070ac00000, 0x000000070aa00000| Complete 
|  60|0x000000070ac00000, 0x000000070ae00000, 0x000000070ae00000|100%| O|  |TAMS 0x000000070ae00000, 0x000000070ac00000| Untracked 
|  61|0x000000070ae00000, 0x000000070b000000, 0x000000070b000000|100%| O|  |TAMS 0x000000070b000000, 0x000000070ae00000| Untracked 
|  62|0x000000070b000000, 0x000000070b200000, 0x000000070b200000|100%| O|  |TAMS 0x000000070b200000, 0x000000070b000000| Untracked 
|  63|0x000000070b200000, 0x000000070b400000, 0x000000070b400000|100%| O|  |TAMS 0x000000070b400000, 0x000000070b200000| Untracked 
|  64|0x000000070b400000, 0x000000070b600000, 0x000000070b600000|100%| O|  |TAMS 0x000000070b600000, 0x000000070b400000| Untracked 
|  65|0x000000070b600000, 0x000000070b800000, 0x000000070b800000|100%| O|  |TAMS 0x000000070b800000, 0x000000070b600000| Untracked 
|  66|0x000000070b800000, 0x000000070ba00000, 0x000000070ba00000|100%| O|  |TAMS 0x000000070ba00000, 0x000000070b800000| Complete 
|  67|0x000000070ba00000, 0x000000070bc00000, 0x000000070bc00000|100%| O|  |TAMS 0x000000070bc00000, 0x000000070ba00000| Untracked 
|  68|0x000000070bc00000, 0x000000070be00000, 0x000000070be00000|100%| O|  |TAMS 0x000000070be00000, 0x000000070bc00000| Untracked 
|  69|0x000000070be00000, 0x000000070c000000, 0x000000070c000000|100%| O|  |TAMS 0x000000070c000000, 0x000000070be00000| Complete 
|  70|0x000000070c000000, 0x000000070c200000, 0x000000070c200000|100%| O|  |TAMS 0x000000070c200000, 0x000000070c000000| Complete 
|  71|0x000000070c200000, 0x000000070c400000, 0x000000070c400000|100%| O|  |TAMS 0x000000070c400000, 0x000000070c200000| Complete 
|  72|0x000000070c400000, 0x000000070c600000, 0x000000070c600000|100%| O|  |TAMS 0x000000070c52d200, 0x000000070c400000| Complete 
|  73|0x000000070c600000, 0x000000070c600000, 0x000000070c800000|  0%| F|  |TAMS 0x000000070c600000, 0x000000070c600000| Untracked 
|  74|0x000000070c800000, 0x000000070c800000, 0x000000070ca00000|  0%| F|  |TAMS 0x000000070c800000, 0x000000070c800000| Untracked 
|  75|0x000000070ca00000, 0x000000070ca00000, 0x000000070cc00000|  0%| F|  |TAMS 0x000000070ca00000, 0x000000070ca00000| Untracked 
|  76|0x000000070cc00000, 0x000000070cc00000, 0x000000070ce00000|  0%| F|  |TAMS 0x000000070cc00000, 0x000000070cc00000| Untracked 
|  77|0x000000070ce00000, 0x000000070ce00000, 0x000000070d000000|  0%| F|  |TAMS 0x000000070ce00000, 0x000000070ce00000| Untracked 
|  78|0x000000070d000000, 0x000000070d000000, 0x000000070d200000|  0%| F|  |TAMS 0x000000070d000000, 0x000000070d000000| Untracked 
|  79|0x000000070d200000, 0x000000070d200000, 0x000000070d400000|  0%| F|  |TAMS 0x000000070d200000, 0x000000070d200000| Untracked 
|  80|0x000000070d400000, 0x000000070d400000, 0x000000070d600000|  0%| F|  |TAMS 0x000000070d400000, 0x000000070d400000| Untracked 
|  81|0x000000070d600000, 0x000000070d800000, 0x000000070d800000|100%| S|CS|TAMS 0x000000070d600000, 0x000000070d600000| Complete 
|  82|0x000000070d800000, 0x000000070da00000, 0x000000070da00000|100%| S|CS|TAMS 0x000000070d800000, 0x000000070d800000| Complete 
|  83|0x000000070da00000, 0x000000070dc00000, 0x000000070dc00000|100%| S|CS|TAMS 0x000000070da00000, 0x000000070da00000| Complete 
|  84|0x000000070dc00000, 0x000000070de00000, 0x000000070de00000|100%| S|CS|TAMS 0x000000070dc00000, 0x000000070dc00000| Complete 
|  85|0x000000070de00000, 0x000000070e000000, 0x000000070e000000|100%| S|CS|TAMS 0x000000070de00000, 0x000000070de00000| Complete 
|  86|0x000000070e000000, 0x000000070e000000, 0x000000070e200000|  0%| F|  |TAMS 0x000000070e000000, 0x000000070e000000| Untracked 
|  87|0x000000070e200000, 0x000000070e200000, 0x000000070e400000|  0%| F|  |TAMS 0x000000070e200000, 0x000000070e200000| Untracked 
|  88|0x000000070e400000, 0x000000070e400000, 0x000000070e600000|  0%| F|  |TAMS 0x000000070e400000, 0x000000070e400000| Untracked 
|  89|0x000000070e600000, 0x000000070e600000, 0x000000070e800000|  0%| F|  |TAMS 0x000000070e600000, 0x000000070e600000| Untracked 
|  90|0x000000070e800000, 0x000000070e800000, 0x000000070ea00000|  0%| F|  |TAMS 0x000000070e800000, 0x000000070e800000| Untracked 
|  91|0x000000070ea00000, 0x000000070ea00000, 0x000000070ec00000|  0%| F|  |TAMS 0x000000070ea00000, 0x000000070ea00000| Untracked 
|  92|0x000000070ec00000, 0x000000070ec00000, 0x000000070ee00000|  0%| F|  |TAMS 0x000000070ec00000, 0x000000070ec00000| Untracked 
|  93|0x000000070ee00000, 0x000000070ee00000, 0x000000070f000000|  0%| F|  |TAMS 0x000000070ee00000, 0x000000070ee00000| Untracked 
|  94|0x000000070f000000, 0x000000070f000000, 0x000000070f200000|  0%| F|  |TAMS 0x000000070f000000, 0x000000070f000000| Untracked 
|  95|0x000000070f200000, 0x000000070f200000, 0x000000070f400000|  0%| F|  |TAMS 0x000000070f200000, 0x000000070f200000| Untracked 
|  96|0x000000070f400000, 0x000000070f400000, 0x000000070f600000|  0%| F|  |TAMS 0x000000070f400000, 0x000000070f400000| Untracked 
|  97|0x000000070f600000, 0x000000070f600000, 0x000000070f800000|  0%| F|  |TAMS 0x000000070f600000, 0x000000070f600000| Untracked 
|  98|0x000000070f800000, 0x000000070f800000, 0x000000070fa00000|  0%| F|  |TAMS 0x000000070f800000, 0x000000070f800000| Untracked 
|  99|0x000000070fa00000, 0x000000070fa00000, 0x000000070fc00000|  0%| F|  |TAMS 0x000000070fa00000, 0x000000070fa00000| Untracked 
| 100|0x000000070fc00000, 0x000000070fc00000, 0x000000070fe00000|  0%| F|  |TAMS 0x000000070fc00000, 0x000000070fc00000| Untracked 
| 101|0x000000070fe00000, 0x000000070fe00000, 0x0000000710000000|  0%| F|  |TAMS 0x000000070fe00000, 0x000000070fe00000| Untracked 
| 102|0x0000000710000000, 0x0000000710000000, 0x0000000710200000|  0%| F|  |TAMS 0x0000000710000000, 0x0000000710000000| Untracked 
| 103|0x0000000710200000, 0x0000000710200000, 0x0000000710400000|  0%| F|  |TAMS 0x0000000710200000, 0x0000000710200000| Untracked 
| 104|0x0000000710400000, 0x0000000710400000, 0x0000000710600000|  0%| F|  |TAMS 0x0000000710400000, 0x0000000710400000| Untracked 
| 105|0x0000000710600000, 0x0000000710600000, 0x0000000710800000|  0%| F|  |TAMS 0x0000000710600000, 0x0000000710600000| Untracked 
| 106|0x0000000710800000, 0x0000000710800000, 0x0000000710a00000|  0%| F|  |TAMS 0x0000000710800000, 0x0000000710800000| Untracked 
| 107|0x0000000710a00000, 0x0000000710a00000, 0x0000000710c00000|  0%| F|  |TAMS 0x0000000710a00000, 0x0000000710a00000| Untracked 
| 108|0x0000000710c00000, 0x0000000710c00000, 0x0000000710e00000|  0%| F|  |TAMS 0x0000000710c00000, 0x0000000710c00000| Untracked 
| 109|0x0000000710e00000, 0x0000000710e00000, 0x0000000711000000|  0%| F|  |TAMS 0x0000000710e00000, 0x0000000710e00000| Untracked 
| 110|0x0000000711000000, 0x0000000711000000, 0x0000000711200000|  0%| F|  |TAMS 0x0000000711000000, 0x0000000711000000| Untracked 
| 111|0x0000000711200000, 0x0000000711200000, 0x0000000711400000|  0%| F|  |TAMS 0x0000000711200000, 0x0000000711200000| Untracked 
| 112|0x0000000711400000, 0x0000000711400000, 0x0000000711600000|  0%| F|  |TAMS 0x0000000711400000, 0x0000000711400000| Untracked 
| 113|0x0000000711600000, 0x0000000711600000, 0x0000000711800000|  0%| F|  |TAMS 0x0000000711600000, 0x0000000711600000| Untracked 
| 114|0x0000000711800000, 0x0000000711800000, 0x0000000711a00000|  0%| F|  |TAMS 0x0000000711800000, 0x0000000711800000| Untracked 
| 115|0x0000000711a00000, 0x0000000711a00000, 0x0000000711c00000|  0%| F|  |TAMS 0x0000000711a00000, 0x0000000711a00000| Untracked 
| 116|0x0000000711c00000, 0x0000000711c00000, 0x0000000711e00000|  0%| F|  |TAMS 0x0000000711c00000, 0x0000000711c00000| Untracked 
| 117|0x0000000711e00000, 0x0000000711e00000, 0x0000000712000000|  0%| F|  |TAMS 0x0000000711e00000, 0x0000000711e00000| Untracked 
| 118|0x0000000712000000, 0x0000000712100800, 0x0000000712200000| 50%| E|  |TAMS 0x0000000712000000, 0x0000000712000000| Complete 
| 119|0x0000000712200000, 0x0000000712400000, 0x0000000712400000|100%| E|CS|TAMS 0x0000000712200000, 0x0000000712200000| Complete 
| 120|0x0000000712400000, 0x0000000712600000, 0x0000000712600000|100%| E|CS|TAMS 0x0000000712400000, 0x0000000712400000| Complete 
| 121|0x0000000712600000, 0x0000000712800000, 0x0000000712800000|100%| E|CS|TAMS 0x0000000712600000, 0x0000000712600000| Complete 
| 122|0x0000000712800000, 0x0000000712a00000, 0x0000000712a00000|100%| E|CS|TAMS 0x0000000712800000, 0x0000000712800000| Complete 
| 123|0x0000000712a00000, 0x0000000712c00000, 0x0000000712c00000|100%| E|CS|TAMS 0x0000000712a00000, 0x0000000712a00000| Complete 
| 124|0x0000000712c00000, 0x0000000712e00000, 0x0000000712e00000|100%| E|CS|TAMS 0x0000000712c00000, 0x0000000712c00000| Complete 
| 125|0x0000000712e00000, 0x0000000713000000, 0x0000000713000000|100%| E|CS|TAMS 0x0000000712e00000, 0x0000000712e00000| Complete 
| 126|0x0000000713000000, 0x0000000713200000, 0x0000000713200000|100%| E|CS|TAMS 0x0000000713000000, 0x0000000713000000| Complete 
| 127|0x0000000713200000, 0x0000000713400000, 0x0000000713400000|100%| E|CS|TAMS 0x0000000713200000, 0x0000000713200000| Complete 
| 128|0x0000000713400000, 0x0000000713600000, 0x0000000713600000|100%| E|CS|TAMS 0x0000000713400000, 0x0000000713400000| Complete 
| 129|0x0000000713600000, 0x0000000713800000, 0x0000000713800000|100%| E|CS|TAMS 0x0000000713600000, 0x0000000713600000| Complete 
| 130|0x0000000713800000, 0x0000000713a00000, 0x0000000713a00000|100%| E|CS|TAMS 0x0000000713800000, 0x0000000713800000| Complete 
| 131|0x0000000713a00000, 0x0000000713c00000, 0x0000000713c00000|100%| E|CS|TAMS 0x0000000713a00000, 0x0000000713a00000| Complete 
| 132|0x0000000713c00000, 0x0000000713e00000, 0x0000000713e00000|100%| E|CS|TAMS 0x0000000713c00000, 0x0000000713c00000| Complete 
| 133|0x0000000713e00000, 0x0000000714000000, 0x0000000714000000|100%| E|CS|TAMS 0x0000000713e00000, 0x0000000713e00000| Complete 
| 134|0x0000000714000000, 0x0000000714200000, 0x0000000714200000|100%| E|CS|TAMS 0x0000000714000000, 0x0000000714000000| Complete 
| 135|0x0000000714200000, 0x0000000714400000, 0x0000000714400000|100%| E|CS|TAMS 0x0000000714200000, 0x0000000714200000| Complete 
| 136|0x0000000714400000, 0x0000000714600000, 0x0000000714600000|100%| E|CS|TAMS 0x0000000714400000, 0x0000000714400000| Complete 
| 137|0x0000000714600000, 0x0000000714800000, 0x0000000714800000|100%| E|CS|TAMS 0x0000000714600000, 0x0000000714600000| Complete 
| 138|0x0000000714800000, 0x0000000714a00000, 0x0000000714a00000|100%| E|CS|TAMS 0x0000000714800000, 0x0000000714800000| Complete 
| 139|0x0000000714a00000, 0x0000000714c00000, 0x0000000714c00000|100%| E|CS|TAMS 0x0000000714a00000, 0x0000000714a00000| Complete 
| 140|0x0000000714c00000, 0x0000000714e00000, 0x0000000714e00000|100%| E|CS|TAMS 0x0000000714c00000, 0x0000000714c00000| Complete 
| 141|0x0000000714e00000, 0x0000000715000000, 0x0000000715000000|100%| E|CS|TAMS 0x0000000714e00000, 0x0000000714e00000| Complete 
| 151|0x0000000716200000, 0x0000000716400000, 0x0000000716400000|100%| E|CS|TAMS 0x0000000716200000, 0x0000000716200000| Complete 
| 152|0x0000000716400000, 0x0000000716600000, 0x0000000716600000|100%| E|CS|TAMS 0x0000000716400000, 0x0000000716400000| Complete 

Card table byte_map: [0x00000211e7c30000,0x00000211e8420000] _byte_map_base: 0x00000211e4416000

Marking Bits (Prev, Next): (CMBitMap*) 0x00000211cfd14910, (CMBitMap*) 0x00000211cfd14950
 Prev Bits: [0x00000211e8c10000, 0x00000211ecb40000)
 Next Bits: [0x00000211ecb40000, 0x00000211f0a70000)

Polling page: 0x00000211cda00000

Metaspace:

Usage:
  Non-class:     42.72 MB capacity,    42.01 MB ( 98%) used,   667.13 KB (  2%) free+waste,    64.50 KB ( <1%) overhead. 
      Class:      5.46 MB capacity,     5.20 MB ( 95%) used,   245.25 KB (  4%) free+waste,    23.88 KB ( <1%) overhead. 
       Both:     48.18 MB capacity,    47.20 MB ( 98%) used,   912.38 KB (  2%) free+waste,    88.38 KB ( <1%) overhead. 

Virtual space:
  Non-class space:       44.00 MB reserved,      42.92 MB ( 98%) committed 
      Class space:        1.00 GB reserved,       5.50 MB ( <1%) committed 
             Both:        1.04 GB reserved,      48.42 MB (  5%) committed 

Chunk freelists:
   Non-Class:  12.00 KB
       Class:  11.00 KB
        Both:  23.00 KB

MaxMetaspaceSize: 17179869184.00 GB
CompressedClassSpaceSize: 1.00 GB

CodeHeap 'non-profiled nmethods': size=120000Kb used=7284Kb max_used=7284Kb free=112715Kb
 bounds [0x00000211df9c0000, 0x00000211e00e0000, 0x00000211e6ef0000]
CodeHeap 'profiled nmethods': size=120000Kb used=19327Kb max_used=19327Kb free=100672Kb
 bounds [0x00000211d8490000, 0x00000211d9780000, 0x00000211df9c0000]
CodeHeap 'non-nmethods': size=5760Kb used=1641Kb max_used=1759Kb free=4118Kb
 bounds [0x00000211d7ef0000, 0x00000211d8160000, 0x00000211d8490000]
 total_blobs=9703 nmethods=9028 adapters=586
 compilation: enabled
              stopped_count=0, restarted_count=0
 full_count=0

Compilation events (20 events):
Event: 17.030 Thread 0x00000211f3f48fc0 11407 %     3       com.sun.tools.javac.code.Scope$ScopeImpl::dble @ 89 (147 bytes)
Event: 17.030 Thread 0x00000211f40d6b80 11398       4       java.util.ComparableTimSort::countRunAndMakeAscending (123 bytes)
Event: 17.030 Thread 0x00000211f7109690 11403       4       com.sun.tools.javac.code.ClassFinder$1::hasNext (113 bytes)
Event: 17.031 Thread 0x00000211f3f48fc0 nmethod 11407% 0x00000211d974ec10 code [0x00000211d974ee60, 0x00000211d974fb08]
Event: 17.038 Thread 0x00000211f7109690 nmethod 11403 0x00000211e00dc710 code [0x00000211e00dc8e0, 0x00000211e00dceb8]
Event: 17.038 Thread 0x00000211f7109690 11397       4       java.util.ArrayList::sort (45 bytes)
Event: 17.047 Thread 0x00000211f3f48fc0 11409   !   3       com.sun.tools.javac.file.JavacFileManager::caseMapCheck (178 bytes)
Event: 17.048 Thread 0x00000211f3f48fc0 nmethod 11409 0x00000211d974ff90 code [0x00000211d97502c0, 0x00000211d97517b8]
Event: 17.060 Thread 0x00000211f3f48fc0 11412       3       java.util.stream.Collectors$$Lambda$205/0x0000000800e3a2f8::accept (11 bytes)
Event: 17.060 Thread 0x00000211f3f48fc0 nmethod 11412 0x00000211d9752090 code [0x00000211d9752240, 0x00000211d9752528]
Event: 17.060 Thread 0x00000211f3f48fc0 11410       3       java.nio.file.Files$2::next (5 bytes)
Event: 17.061 Thread 0x00000211f3f48fc0 nmethod 11410 0x00000211d9752610 code [0x00000211d9752800, 0x00000211d9752d08]
Event: 17.061 Thread 0x00000211f3f48fc0 11411   !   3       java.nio.file.Files$2::next (26 bytes)
Event: 17.061 Thread 0x00000211f3f48fc0 nmethod 11411 0x00000211d9752f10 code [0x00000211d97530e0, 0x00000211d9753588]
Event: 17.067 Thread 0x00000211f3f48fc0 11413       3       com.sun.tools.javac.util.Convert::enclosingCandidates (33 bytes)
Event: 17.067 Thread 0x00000211f3f48fc0 nmethod 11413 0x00000211d9753710 code [0x00000211d9753900, 0x00000211d9753fd8]
Event: 17.067 Thread 0x00000211f3f48fc0 11414       3       com.sun.tools.javac.util.Convert::utf2string (26 bytes)
Event: 17.068 Thread 0x00000211f3f48fc0 nmethod 11414 0x00000211d9754210 code [0x00000211d97543c0, 0x00000211d9754638]
Event: 17.069 Thread 0x00000211f3f48fc0 11416       3       com.sun.tools.javac.util.Convert::utf2chars (135 bytes)
Event: 17.069 Thread 0x00000211f3f48fc0 nmethod 11416 0x00000211d9754790 code [0x00000211d9754940, 0x00000211d9754c58]

GC Heap History (20 events):
Event: 11.898 GC heap before
{Heap before GC invocations=20 (full 0):
 garbage-first heap   total 196608K, used 153191K [0x0000000703400000, 0x0000000800000000)
  region size 2048K, 34 young (69632K), 4 survivors (8192K)
 Metaspace       used 30891K, capacity 31727K, committed 35376K, reserved 1081344K
  class space    used 3245K, capacity 3486K, committed 3968K, reserved 1048576K
}
Event: 11.907 GC heap after
{Heap after GC invocations=21 (full 0):
 garbage-first heap   total 196608K, used 109299K [0x0000000703400000, 0x0000000800000000)
  region size 2048K, 5 young (10240K), 5 survivors (10240K)
 Metaspace       used 30891K, capacity 31727K, committed 35376K, reserved 1081344K
  class space    used 3245K, capacity 3486K, committed 3968K, reserved 1048576K
}
Event: 11.932 GC heap before
{Heap before GC invocations=21 (full 0):
 garbage-first heap   total 196608K, used 109299K [0x0000000703400000, 0x0000000800000000)
  region size 2048K, 6 young (12288K), 5 survivors (10240K)
 Metaspace       used 31103K, capacity 31919K, committed 35376K, reserved 1081344K
  class space    used 3256K, capacity 3486K, committed 3968K, reserved 1048576K
}
Event: 11.944 GC heap after
{Heap after GC invocations=22 (full 0):
 garbage-first heap   total 196608K, used 100588K [0x0000000703400000, 0x0000000800000000)
  region size 2048K, 1 young (2048K), 1 survivors (2048K)
 Metaspace       used 31103K, capacity 31919K, committed 35376K, reserved 1081344K
  class space    used 3256K, capacity 3486K, committed 3968K, reserved 1048576K
}
Event: 12.301 GC heap before
{Heap before GC invocations=22 (full 0):
 garbage-first heap   total 196608K, used 145644K [0x0000000703400000, 0x0000000800000000)
  region size 2048K, 24 young (49152K), 1 survivors (2048K)
 Metaspace       used 32349K, capacity 33190K, committed 35376K, reserved 1081344K
  class space    used 3417K, capacity 3651K, committed 3968K, reserved 1048576K
}
Event: 12.304 GC heap after
{Heap after GC invocations=23 (full 0):
 garbage-first heap   total 196608K, used 100681K [0x0000000703400000, 0x0000000800000000)
  region size 2048K, 1 young (2048K), 1 survivors (2048K)
 Metaspace       used 32349K, capacity 33190K, committed 35376K, reserved 1081344K
  class space    used 3417K, capacity 3651K, committed 3968K, reserved 1048576K
}
Event: 13.030 GC heap before
{Heap before GC invocations=24 (full 0):
 garbage-first heap   total 202752K, used 149833K [0x0000000703400000, 0x0000000800000000)
  region size 2048K, 26 young (53248K), 1 survivors (2048K)
 Metaspace       used 37671K, capacity 38545K, committed 38832K, reserved 1083392K
  class space    used 4086K, capacity 4301K, committed 4352K, reserved 1048576K
}
Event: 13.035 GC heap after
{Heap after GC invocations=25 (full 0):
 garbage-first heap   total 202752K, used 105906K [0x0000000703400000, 0x0000000800000000)
  region size 2048K, 3 young (6144K), 3 survivors (6144K)
 Metaspace       used 37671K, capacity 38545K, committed 38832K, reserved 1083392K
  class space    used 4086K, capacity 4301K, committed 4352K, reserved 1048576K
}
Event: 13.666 GC heap before
{Heap before GC invocations=25 (full 0):
 garbage-first heap   total 202752K, used 161202K [0x0000000703400000, 0x0000000800000000)
  region size 2048K, 30 young (61440K), 3 survivors (6144K)
 Metaspace       used 40315K, capacity 41265K, committed 41520K, reserved 1085440K
  class space    used 4316K, capacity 4612K, committed 4736K, reserved 1048576K
}
Event: 13.672 GC heap after
{Heap after GC invocations=26 (full 0):
 garbage-first heap   total 243712K, used 121164K [0x0000000703400000, 0x0000000800000000)
  region size 2048K, 4 young (8192K), 4 survivors (8192K)
 Metaspace       used 40315K, capacity 41265K, committed 41520K, reserved 1085440K
  class space    used 4316K, capacity 4612K, committed 4736K, reserved 1048576K
}
Event: 14.551 GC heap before
{Heap before GC invocations=27 (full 0):
 garbage-first heap   total 243712K, used 186700K [0x0000000703400000, 0x0000000800000000)
  region size 2048K, 36 young (73728K), 4 survivors (8192K)
 Metaspace       used 45707K, capacity 46703K, committed 46768K, reserved 1091584K
  class space    used 5076K, capacity 5358K, committed 5376K, reserved 1048576K
}
Event: 14.557 GC heap after
{Heap after GC invocations=28 (full 0):
 garbage-first heap   total 243712K, used 128726K [0x0000000703400000, 0x0000000800000000)
  region size 2048K, 4 young (8192K), 4 survivors (8192K)
 Metaspace       used 45707K, capacity 46703K, committed 46768K, reserved 1091584K
  class space    used 5076K, capacity 5358K, committed 5376K, reserved 1048576K
}
Event: 15.053 GC heap before
{Heap before GC invocations=28 (full 0):
 garbage-first heap   total 243712K, used 190166K [0x0000000703400000, 0x0000000800000000)
  region size 2048K, 34 young (69632K), 4 survivors (8192K)
 Metaspace       used 48139K, capacity 49127K, committed 49328K, reserved 1093632K
  class space    used 5315K, capacity 5587K, committed 5632K, reserved 1048576K
}
Event: 15.061 GC heap after
{Heap after GC invocations=29 (full 0):
 garbage-first heap   total 243712K, used 136411K [0x0000000703400000, 0x0000000800000000)
  region size 2048K, 5 young (10240K), 5 survivors (10240K)
 Metaspace       used 48139K, capacity 49127K, committed 49328K, reserved 1093632K
  class space    used 5315K, capacity 5587K, committed 5632K, reserved 1048576K
}
Event: 15.937 GC heap before
{Heap before GC invocations=30 (full 0):
 garbage-first heap   total 245760K, used 191707K [0x0000000703400000, 0x0000000800000000)
  region size 2048K, 32 young (65536K), 5 survivors (10240K)
 Metaspace       used 48145K, capacity 49127K, committed 49328K, reserved 1093632K
  class space    used 5315K, capacity 5587K, committed 5632K, reserved 1048576K
}
Event: 15.942 GC heap after
{Heap after GC invocations=31 (full 0):
 garbage-first heap   total 245760K, used 137477K [0x0000000703400000, 0x0000000800000000)
  region size 2048K, 1 young (2048K), 1 survivors (2048K)
 Metaspace       used 48145K, capacity 49127K, committed 49328K, reserved 1093632K
  class space    used 5315K, capacity 5587K, committed 5632K, reserved 1048576K
}
Event: 16.093 GC heap before
{Heap before GC invocations=31 (full 0):
 garbage-first heap   total 245760K, used 147717K [0x0000000703400000, 0x0000000800000000)
  region size 2048K, 6 young (12288K), 1 survivors (2048K)
 Metaspace       used 48162K, capacity 49127K, committed 49328K, reserved 1093632K
  class space    used 5315K, capacity 5587K, committed 5632K, reserved 1048576K
}
Event: 16.102 GC heap after
{Heap after GC invocations=32 (full 0):
 garbage-first heap   total 245760K, used 125368K [0x0000000703400000, 0x0000000800000000)
  region size 2048K, 1 young (2048K), 1 survivors (2048K)
 Metaspace       used 48162K, capacity 49127K, committed 49328K, reserved 1093632K
  class space    used 5315K, capacity 5587K, committed 5632K, reserved 1048576K
}
Event: 16.646 GC heap before
{Heap before GC invocations=32 (full 0):
 garbage-first heap   total 245760K, used 192952K [0x0000000703400000, 0x0000000800000000)
  region size 2048K, 34 young (69632K), 1 survivors (2048K)
 Metaspace       used 48309K, capacity 49273K, committed 49328K, reserved 1093632K
  class space    used 5318K, capacity 5589K, committed 5632K, reserved 1048576K
}
Event: 16.652 GC heap after
{Heap after GC invocations=33 (full 0):
 garbage-first heap   total 294912K, used 138980K [0x0000000703400000, 0x0000000800000000)
  region size 2048K, 5 young (10240K), 5 survivors (10240K)
 Metaspace       used 48309K, capacity 49273K, committed 49328K, reserved 1093632K
  class space    used 5318K, capacity 5589K, committed 5632K, reserved 1048576K
}

Deoptimization events (20 events):
Event: 17.017 Thread 0x00000211f718b420 Uncommon trap: trap_request=0xffffffc6 fr.pc=0x00000211dfda7808 relative=0x00000000000003a8
Event: 17.017 Thread 0x00000211f718b420 Uncommon trap: reason=bimorphic_or_optimized_type_check action=maybe_recompile pc=0x00000211dfda7808 method=com.sun.tools.javac.file.Locations.getLocation(Ljavax/tools/JavaFileManager$Location;)Ljava/util/Collection; @ 15 c2
Event: 17.017 Thread 0x00000211f718b420 DEOPT PACKING pc=0x00000211dfda7808 sp=0x00000058337fdaf0
Event: 17.017 Thread 0x00000211f718b420 DEOPT UNPACKING pc=0x00000211d7f3e42f sp=0x00000058337fd9b8 mode 2
Event: 17.017 Thread 0x00000211f718b420 Uncommon trap: trap_request=0xffffffc6 fr.pc=0x00000211dfda7808 relative=0x00000000000003a8
Event: 17.017 Thread 0x00000211f718b420 Uncommon trap: reason=bimorphic_or_optimized_type_check action=maybe_recompile pc=0x00000211dfda7808 method=com.sun.tools.javac.file.Locations.getLocation(Ljavax/tools/JavaFileManager$Location;)Ljava/util/Collection; @ 15 c2
Event: 17.017 Thread 0x00000211f718b420 DEOPT PACKING pc=0x00000211dfda7808 sp=0x00000058337fdbd0
Event: 17.017 Thread 0x00000211f718b420 DEOPT UNPACKING pc=0x00000211d7f3e42f sp=0x00000058337fda98 mode 2
Event: 17.017 Thread 0x00000211f718b420 Uncommon trap: trap_request=0xffffffc6 fr.pc=0x00000211dfda7808 relative=0x00000000000003a8
Event: 17.017 Thread 0x00000211f718b420 Uncommon trap: reason=bimorphic_or_optimized_type_check action=maybe_recompile pc=0x00000211dfda7808 method=com.sun.tools.javac.file.Locations.getLocation(Ljavax/tools/JavaFileManager$Location;)Ljava/util/Collection; @ 15 c2
Event: 17.017 Thread 0x00000211f718b420 DEOPT PACKING pc=0x00000211dfda7808 sp=0x00000058337fdaf0
Event: 17.017 Thread 0x00000211f718b420 DEOPT UNPACKING pc=0x00000211d7f3e42f sp=0x00000058337fd9b8 mode 2
Event: 17.064 Thread 0x00000211f718b420 Uncommon trap: trap_request=0xffffff45 fr.pc=0x00000211dfda88c0 relative=0x0000000000000880
Event: 17.064 Thread 0x00000211f718b420 Uncommon trap: reason=unstable_if action=reinterpret pc=0x00000211dfda88c0 method=com.sun.tools.javac.util.Convert.utf2chars([BI[CII)I @ 37 c2
Event: 17.064 Thread 0x00000211f718b420 DEOPT PACKING pc=0x00000211dfda88c0 sp=0x00000058337fca40
Event: 17.064 Thread 0x00000211f718b420 DEOPT UNPACKING pc=0x00000211d7f3e42f sp=0x00000058337fc960 mode 2
Event: 17.064 Thread 0x00000211f718b420 Uncommon trap: trap_request=0xffffff45 fr.pc=0x00000211dfd997b8 relative=0x00000000000002b8
Event: 17.064 Thread 0x00000211f718b420 Uncommon trap: reason=unstable_if action=reinterpret pc=0x00000211dfd997b8 method=com.sun.tools.javac.util.Convert.utf2chars([BI[CII)I @ 37 c2
Event: 17.064 Thread 0x00000211f718b420 DEOPT PACKING pc=0x00000211dfd997b8 sp=0x00000058337fc940
Event: 17.064 Thread 0x00000211f718b420 DEOPT UNPACKING pc=0x00000211d7f3e42f sp=0x00000058337fc8c8 mode 2

Classes unloaded (20 events):
Event: 9.877 Thread 0x00000211f3f28830 Unloading class 0x0000000800e88040 'lombok/launch/ShadowClassLoader'
Event: 9.877 Thread 0x00000211f3f28830 Unloading class 0x0000000800e804b8 'lombok/launch/Main'
Event: 9.877 Thread 0x00000211f3f28830 Unloading class 0x0000000800e80238 'lombok/launch/AnnotationProcessorHider$AnnotationProcessor'
Event: 9.877 Thread 0x00000211f3f28830 Unloading class 0x0000000800e80040 'javax/xml/bind/ValidationEventHandler'
Event: 9.877 Thread 0x00000211f3f28830 Unloading class 0x0000000800e554b8 'javax/xml/bind/JAXBException'
Event: 9.877 Thread 0x00000211f3f28830 Unloading class 0x0000000800e55298 'org/hibernate/jpamodelgen/util/xml/XmlParserHelper'
Event: 9.877 Thread 0x00000211f3f28830 Unloading class 0x0000000800e55040 'org/hibernate/jpamodelgen/util/xml/XmlParsingException'
Event: 9.877 Thread 0x00000211f3f28830 Unloading class 0x0000000800e55c48 'org/hibernate/jpamodelgen/xml/JpaDescriptorParser'
Event: 9.877 Thread 0x00000211f3f28830 Unloading class 0x0000000800e55a48 'org/hibernate/jpamodelgen/Version'
Event: 9.877 Thread 0x00000211f3f28830 Unloading class 0x0000000800e55840 'org/hibernate/jpamodelgen/Context'
Event: 9.877 Thread 0x00000211f3f28830 Unloading class 0x0000000800d834b8 'org/hibernate/jpamodelgen/model/MetaEntity'
Event: 9.877 Thread 0x00000211f3f28830 Unloading class 0x0000000800d832c0 'org/hibernate/jpamodelgen/model/ImportContext'
Event: 9.877 Thread 0x00000211f3f28830 Unloading class 0x0000000800d83040 'org/hibernate/jpamodelgen/JPAMetaModelEntityProcessor'
Event: 9.877 Thread 0x00000211f3f28830 Unloading class 0x0000000800d84440 'java/lang/invoke/LambdaForm$DMH+0x0000000800d84440'
Event: 9.877 Thread 0x00000211f3f28830 Unloading class 0x0000000800d84840 'java/lang/invoke/LambdaForm$DMH+0x0000000800d84840'
Event: 9.877 Thread 0x00000211f3f28830 Unloading class 0x0000000800d44440 'java/lang/invoke/LambdaForm$DMH+0x0000000800d44440'
Event: 9.878 Thread 0x00000211f3f28830 Unloading class 0x0000000800d47c40 'jdk/internal/reflect/GeneratedMethodAccessor27'
Event: 9.878 Thread 0x00000211f3f28830 Unloading class 0x0000000800cf9440 'jdk/internal/reflect/GeneratedMethodAccessor25'
Event: 9.878 Thread 0x00000211f3f28830 Unloading class 0x0000000800cf9c40 'jdk/internal/reflect/GeneratedMethodAccessor22'
Event: 9.878 Thread 0x00000211f3f28830 Unloading class 0x0000000800cfa840 'jdk/internal/reflect/GeneratedMethodAccessor17'

Classes redefined (0 events):
No events

Internal exceptions (20 events):
Event: 17.075 Thread 0x00000211f718b420 Exception <a 'sun/nio/fs/WindowsException'{0x0000000712793e20}> (0x0000000712793e20) 
thrown [./open/src/hotspot/share/prims/jni.cpp, line 578]
Event: 17.075 Thread 0x00000211f718b420 Exception <a 'sun/nio/fs/WindowsException'{0x0000000712794200}> (0x0000000712794200) 
thrown [./open/src/hotspot/share/prims/jni.cpp, line 578]
Event: 17.075 Thread 0x00000211f718b420 Exception <a 'sun/nio/fs/WindowsException'{0x00000007127951c0}> (0x00000007127951c0) 
thrown [./open/src/hotspot/share/prims/jni.cpp, line 578]
Event: 17.075 Thread 0x00000211f718b420 Exception <a 'sun/nio/fs/WindowsException'{0x00000007127955b0}> (0x00000007127955b0) 
thrown [./open/src/hotspot/share/prims/jni.cpp, line 578]
Event: 17.075 Thread 0x00000211f718b420 Exception <a 'sun/nio/fs/WindowsException'{0x0000000712796570}> (0x0000000712796570) 
thrown [./open/src/hotspot/share/prims/jni.cpp, line 578]
Event: 17.075 Thread 0x00000211f718b420 Exception <a 'sun/nio/fs/WindowsException'{0x0000000712796960}> (0x0000000712796960) 
thrown [./open/src/hotspot/share/prims/jni.cpp, line 578]
Event: 17.075 Thread 0x00000211f718b420 Exception <a 'sun/nio/fs/WindowsException'{0x0000000712797950}> (0x0000000712797950) 
thrown [./open/src/hotspot/share/prims/jni.cpp, line 578]
Event: 17.076 Thread 0x00000211f718b420 Exception <a 'sun/nio/fs/WindowsException'{0x000000071279c7f8}> (0x000000071279c7f8) 
thrown [./open/src/hotspot/share/prims/jni.cpp, line 578]
Event: 17.076 Thread 0x00000211f718b420 Exception <a 'sun/nio/fs/WindowsException'{0x000000071279cb18}> (0x000000071279cb18) 
thrown [./open/src/hotspot/share/prims/jni.cpp, line 578]
Event: 17.076 Thread 0x00000211f718b420 Exception <a 'sun/nio/fs/WindowsException'{0x000000071279dc98}> (0x000000071279dc98) 
thrown [./open/src/hotspot/share/prims/jni.cpp, line 578]
Event: 17.076 Thread 0x00000211f718b420 Exception <a 'sun/nio/fs/WindowsException'{0x000000071279e078}> (0x000000071279e078) 
thrown [./open/src/hotspot/share/prims/jni.cpp, line 578]
Event: 17.076 Thread 0x00000211f718b420 Exception <a 'sun/nio/fs/WindowsException'{0x000000071279f0a0}> (0x000000071279f0a0) 
thrown [./open/src/hotspot/share/prims/jni.cpp, line 578]
Event: 17.076 Thread 0x00000211f718b420 Exception <a 'sun/nio/fs/WindowsException'{0x000000071279f508}> (0x000000071279f508) 
thrown [./open/src/hotspot/share/prims/jni.cpp, line 578]
Event: 17.076 Thread 0x00000211f718b420 Exception <a 'sun/nio/fs/WindowsException'{0x00000007127a11d0}> (0x00000007127a11d0) 
thrown [./open/src/hotspot/share/prims/jni.cpp, line 578]
Event: 17.076 Thread 0x00000211f718b420 Exception <a 'sun/nio/fs/WindowsException'{0x00000007127a15f0}> (0x00000007127a15f0) 
thrown [./open/src/hotspot/share/prims/jni.cpp, line 578]
Event: 17.076 Thread 0x00000211f718b420 Exception <a 'sun/nio/fs/WindowsException'{0x00000007127a25f8}> (0x00000007127a25f8) 
thrown [./open/src/hotspot/share/prims/jni.cpp, line 578]
Event: 17.076 Thread 0x00000211f718b420 Exception <a 'sun/nio/fs/WindowsException'{0x00000007127a2a30}> (0x00000007127a2a30) 
thrown [./open/src/hotspot/share/prims/jni.cpp, line 578]
Event: 17.076 Thread 0x00000211f718b420 Exception <a 'sun/nio/fs/WindowsException'{0x00000007127a3a38}> (0x00000007127a3a38) 
thrown [./open/src/hotspot/share/prims/jni.cpp, line 578]
Event: 17.076 Thread 0x00000211f718b420 Exception <a 'sun/nio/fs/WindowsException'{0x00000007127a3e70}> (0x00000007127a3e70) 
thrown [./open/src/hotspot/share/prims/jni.cpp, line 578]
Event: 17.076 Thread 0x00000211f718b420 Exception <a 'sun/nio/fs/WindowsException'{0x00000007127a4ea8}> (0x00000007127a4ea8) 
thrown [./open/src/hotspot/share/prims/jni.cpp, line 578]

Events (20 events):
Event: 16.274 Thread 0x00000211f945bd50 Thread added: 0x00000211f945bd50
Event: 16.646 Executing VM operation: G1CollectForAllocation
Event: 16.652 Executing VM operation: G1CollectForAllocation done
Event: 16.716 Executing VM operation: G1Concurrent
Event: 16.719 Executing VM operation: G1Concurrent done
Event: 16.759 Executing VM operation: G1Concurrent
Event: 16.760 Executing VM operation: G1Concurrent done
Event: 16.876 Loaded shared library E:\Softwares\Java\jdk15\bin\nio.dll
Event: 16.881 Loaded shared library E:\Softwares\Java\jdk15\bin\nio.dll
Event: 16.885 Loaded shared library E:\Softwares\Java\jdk15\bin\nio.dll
Event: 16.889 Loaded shared library E:\Softwares\Java\jdk15\bin\nio.dll
Event: 16.893 Loaded shared library E:\Softwares\Java\jdk15\bin\nio.dll
Event: 16.896 Loaded shared library E:\Softwares\Java\jdk15\bin\nio.dll
Event: 16.900 Loaded shared library E:\Softwares\Java\jdk15\bin\nio.dll
Event: 16.988 Thread 0x00000211f945bd50 Thread exited: 0x00000211f945bd50
Event: 16.988 Thread 0x00000211f40d6b80 Thread exited: 0x00000211f40d6b80
Event: 17.030 Thread 0x00000211f40d6b80 Thread added: 0x00000211f40d6b80
Event: 17.030 Thread 0x00000211f7109690 Thread added: 0x00000211f7109690
Event: 17.066 Executing VM operation: HandshakeAllThreads
Event: 17.066 Executing VM operation: HandshakeAllThreads done


Dynamic libraries:
0x00007ff6d7140000 - 0x00007ff6d714f000 	E:\Softwares\Java\jdk15\bin\java.exe
0x00007ff8b9010000 - 0x00007ff8b9224000 	C:\WINDOWS\SYSTEM32\ntdll.dll
0x00007ff8b82a0000 - 0x00007ff8b8362000 	C:\WINDOWS\System32\KERNEL32.DLL
0x00007ff8b66d0000 - 0x00007ff8b6a6d000 	C:\WINDOWS\System32\KERNELBASE.dll
0x00007ff8b6a70000 - 0x00007ff8b6b81000 	C:\WINDOWS\System32\ucrtbase.dll
0x00007ff8b15b0000 - 0x00007ff8b15c8000 	E:\Softwares\Java\jdk15\bin\jli.dll
0x00007ff8b1570000 - 0x00007ff8b1589000 	E:\Softwares\Java\jdk15\bin\VCRUNTIME140.dll
0x00007ff8b7a70000 - 0x00007ff8b7b1e000 	C:\WINDOWS\System32\ADVAPI32.dll
0x00007ff8b7d30000 - 0x00007ff8b7dd7000 	C:\WINDOWS\System32\msvcrt.dll
0x00007ff8b85e0000 - 0x00007ff8b8684000 	C:\WINDOWS\System32\sechost.dll
0x00007ff8b8e50000 - 0x00007ff8b8f65000 	C:\WINDOWS\System32\RPCRT4.dll
0x00007ff8b70e0000 - 0x00007ff8b728a000 	C:\WINDOWS\System32\USER32.dll
0x00007ff8b6de0000 - 0x00007ff8b6e06000 	C:\WINDOWS\System32\win32u.dll
0x00007ff892e20000 - 0x00007ff8930ae000 	C:\WINDOWS\WinSxS\amd64_microsoft.windows.common-controls_6595b64144ccf1df_6.0.22621.608_none_a9444ca7c10bb01d\COMCTL32.dll
0x00007ff8b7de0000 - 0x00007ff8b7e09000 	C:\WINDOWS\System32\GDI32.dll
0x00007ff8b6b90000 - 0x00007ff8b6ca2000 	C:\WINDOWS\System32\gdi32full.dll
0x00007ff8b6630000 - 0x00007ff8b66ca000 	C:\WINDOWS\System32\msvcp_win.dll
0x00007ff8af3e0000 - 0x00007ff8af3ea000 	C:\WINDOWS\SYSTEM32\VERSION.dll
0x00007ff8b8370000 - 0x00007ff8b83a2000 	C:\WINDOWS\System32\IMM32.DLL
0x00007ff8b3240000 - 0x00007ff8b324c000 	E:\Softwares\Java\jdk15\bin\vcruntime140_1.dll
0x00007ff8a1610000 - 0x00007ff8a16a1000 	E:\Softwares\Java\jdk15\bin\msvcp140.dll
0x00007ff840080000 - 0x00007ff840bdc000 	E:\Softwares\Java\jdk15\bin\server\jvm.dll
0x00007ff8b8d60000 - 0x00007ff8b8d68000 	C:\WINDOWS\System32\PSAPI.DLL
0x00007ff89bbb0000 - 0x00007ff89bbb9000 	C:\WINDOWS\SYSTEM32\WSOCK32.dll
0x00007ff8aec80000 - 0x00007ff8aecb4000 	C:\WINDOWS\SYSTEM32\WINMM.dll
0x00007ff8b6e10000 - 0x00007ff8b6e81000 	C:\WINDOWS\System32\WS2_32.dll
0x00007ff8b5470000 - 0x00007ff8b5488000 	C:\WINDOWS\SYSTEM32\kernel.appcore.dll
0x00007ff8b1670000 - 0x00007ff8b167a000 	E:\Softwares\Java\jdk15\bin\jimage.dll
0x00007ff8b3c60000 - 0x00007ff8b3e8e000 	C:\WINDOWS\SYSTEM32\DBGHELP.DLL
0x00007ff8b87b0000 - 0x00007ff8b8b3a000 	C:\WINDOWS\System32\combase.dll
0x00007ff8b8d70000 - 0x00007ff8b8e47000 	C:\WINDOWS\System32\OLEAUT32.dll
0x00007ff8aa070000 - 0x00007ff8aa0a2000 	C:\WINDOWS\SYSTEM32\dbgcore.DLL
0x00007ff8b65b0000 - 0x00007ff8b662b000 	C:\WINDOWS\System32\bcryptPrimitives.dll
0x00007ff8b1680000 - 0x00007ff8b168e000 	E:\Softwares\Java\jdk15\bin\instrument.dll
0x00007ff8b02b0000 - 0x00007ff8b02d5000 	E:\Softwares\Java\jdk15\bin\java.dll
0x00007ff8b7290000 - 0x00007ff8b7a70000 	C:\WINDOWS\System32\SHELL32.dll
0x00007ff8b4290000 - 0x00007ff8b4b55000 	C:\WINDOWS\SYSTEM32\windows.storage.dll
0x00007ff8b4b90000 - 0x00007ff8b4cce000 	C:\WINDOWS\SYSTEM32\wintypes.dll
0x00007ff8b8ba0000 - 0x00007ff8b8c91000 	C:\WINDOWS\System32\SHCORE.dll
0x00007ff8b8f70000 - 0x00007ff8b8fce000 	C:\WINDOWS\System32\shlwapi.dll
0x00007ff8b6370000 - 0x00007ff8b6391000 	C:\WINDOWS\SYSTEM32\profapi.dll
0x00007ff8a48f0000 - 0x00007ff8a4908000 	E:\Softwares\Java\jdk15\bin\zip.dll
0x00007ff8b0640000 - 0x00007ff8b0659000 	E:\Softwares\Java\jdk15\bin\net.dll
0x00007ff8af1c0000 - 0x00007ff8af2ef000 	C:\WINDOWS\SYSTEM32\WINHTTP.dll
0x00007ff8b58c0000 - 0x00007ff8b5929000 	C:\WINDOWS\system32\mswsock.dll
0x00007ff8b0260000 - 0x00007ff8b0272000 	E:\Softwares\Java\jdk15\bin\nio.dll
0x00007ff8a1550000 - 0x00007ff8a156a000 	E:\Softwares\JetBrainsToolbox\toolbox\apps\IDEA-U\ch-0\222.4459.24\bin\breakgen64.dll
0x00007ff8b0910000 - 0x00007ff8b0920000 	E:\Softwares\Java\jdk15\bin\verify.dll
0x00007ff8b5c50000 - 0x00007ff8b5c6b000 	C:\WINDOWS\SYSTEM32\CRYPTSP.dll
0x00007ff8b53e0000 - 0x00007ff8b5415000 	C:\WINDOWS\system32\rsaenh.dll
0x00007ff8b5960000 - 0x00007ff8b5988000 	C:\WINDOWS\SYSTEM32\USERENV.dll
0x00007ff8b5e00000 - 0x00007ff8b5e28000 	C:\WINDOWS\SYSTEM32\bcrypt.dll
0x00007ff8b5c20000 - 0x00007ff8b5c2c000 	C:\WINDOWS\SYSTEM32\CRYPTBASE.dll
0x00007ff8b4f20000 - 0x00007ff8b4f4d000 	C:\WINDOWS\SYSTEM32\IPHLPAPI.DLL
0x00007ff8b8b90000 - 0x00007ff8b8b99000 	C:\WINDOWS\System32\NSI.dll
0x00007ff8aefc0000 - 0x00007ff8aefd9000 	C:\WINDOWS\SYSTEM32\dhcpcsvc6.DLL
0x00007ff8aefa0000 - 0x00007ff8aefbf000 	C:\WINDOWS\SYSTEM32\dhcpcsvc.DLL
0x00007ff8b4f90000 - 0x00007ff8b5082000 	C:\WINDOWS\SYSTEM32\DNSAPI.dll
0x00007ff8b1590000 - 0x00007ff8b159a000 	C:\Users\sion1\AppData\Local\Temp\jansi-1.17.1-13015402516639065503.dll
0x00007ff8ac990000 - 0x00007ff8ac99a000 	C:\Users\sion1\AppData\Local\Temp\jansi-1.17.1-3092985024839051211.dll

dbghelp: loaded successfully - version: 4.0.5 - missing functions: none
symbol engine: initialized successfully - sym options: 0x614 - pdb path: .;E:\Softwares\Java\jdk15\bin;C:\WINDOWS\SYSTEM32;C:\WINDOWS\WinSxS\amd64_microsoft.windows.common-controls_6595b64144ccf1df_6.0.22621.608_none_a9444ca7c10bb01d;E:\Softwares\Java\jdk15\bin\server;E:\Softwares\JetBrainsToolbox\toolbox\apps\IDEA-U\ch-0\222.4459.24\bin;C:\Users\sion1\AppData\Local\Temp

VM Arguments:
jvm_args: -Dmaven.multiModuleProjectDirectory=E:\Workspaces\Git\eden-demo-cola -Dmaven.home=C:\Users\sion1\.m2\wrapper\dists\apache-maven-3.6.3-bin\1iopthnavndlasol9gbrbg6bf2\apache-maven-3.6.3 -Dclassworlds.conf=C:\Users\sion1\.m2\wrapper\dists\apache-maven-3.6.3-bin\1iopthnavndlasol9gbrbg6bf2\apache-maven-3.6.3\bin\m2.conf -Dmaven.ext.class.path=E:\Softwares\JetBrainsToolbox\toolbox\apps\IDEA-U\ch-0\222.4459.24\plugins\maven\lib\maven-event-listener.jar -javaagent:E:\Softwares\JetBrainsToolbox\toolbox\apps\IDEA-U\ch-0\222.4459.24\lib\idea_rt.jar=62816:E:\Softwares\JetBrainsToolbox\toolbox\apps\IDEA-U\ch-0\222.4459.24\bin -Dfile.encoding=UTF-8 
java_command: org.codehaus.classworlds.Launcher -Didea.version=2022.2.4 --errors --update-snapshots -T 4C -s E:\Softwares\Maven\conf\settings.xml -Dmaven.repo.local=E:\Workspaces\Maven test -P codeup,integration-test,!coding,!github,!unit-test
java_class_path (initial): C:\Users\sion1\.m2\wrapper\dists\apache-maven-3.6.3-bin\1iopthnavndlasol9gbrbg6bf2\apache-maven-3.6.3\boot\plexus-classworlds-2.6.0.jar;C:\Users\sion1\.m2\wrapper\dists\apache-maven-3.6.3-bin\1iopthnavndlasol9gbrbg6bf2\apache-maven-3.6.3\boot\plexus-classworlds.license
Launcher Type: SUN_STANDARD

[Global flags]
     intx CICompilerCount                          = 4                                         {product} {ergonomic}
     uint ConcGCThreads                            = 3                                         {product} {ergonomic}
     uint G1ConcRefinementThreads                  = 10                                        {product} {ergonomic}
   size_t G1HeapRegionSize                         = 2097152                                   {product} {ergonomic}
    uintx GCDrainStackTargetSize                   = 64                                        {product} {ergonomic}
   size_t InitialHeapSize                          = 266338304                                 {product} {ergonomic}
   size_t MarkStackSize                            = 4194304                                   {product} {ergonomic}
   size_t MaxHeapSize                              = 4240441344                                {product} {ergonomic}
   size_t MaxNewSize                               = 2543845376                                {product} {ergonomic}
   size_t MinHeapDeltaBytes                        = 2097152                                   {product} {ergonomic}
   size_t MinHeapSize                              = 8388608                                   {product} {ergonomic}
    uintx NonNMethodCodeHeapSize                   = 5839372                                {pd product} {ergonomic}
    uintx NonProfiledCodeHeapSize                  = 122909434                              {pd product} {ergonomic}
    uintx ProfiledCodeHeapSize                     = 122909434                              {pd product} {ergonomic}
    uintx ReservedCodeCacheSize                    = 251658240                              {pd product} {ergonomic}
     bool SegmentedCodeCache                       = true                                      {product} {ergonomic}
   size_t SoftMaxHeapSize                          = 4240441344                             {manageable} {ergonomic}
     bool UseCompressedClassPointers               = true                                 {lp64_product} {ergonomic}
     bool UseCompressedOops                        = true                                 {lp64_product} {ergonomic}
     bool UseG1GC                                  = true                                      {product} {ergonomic}
     bool UseLargePagesIndividualAllocation        = false                                  {pd product} {ergonomic}

Logging:
Log output configuration:
 #0: stdout all=warning uptime,level,tags
 #1: stderr all=off uptime,level,tags

Environment Variables:
JAVA_HOME=E:\Softwares\Java\jdk1.8.0_251
PATH=E:\Softwares\Python\2.7.13\;E:\Softwares\Python\2.7.13\Scripts;C:\WINDOWS\system32;C:\WINDOWS;C:\WINDOWS\System32\Wbem;C:\WINDOWS\System32\WindowsPowerShell\v1.0\;C:\WINDOWS\System32\OpenSSH\;E:\Softwares\Java\jdk1.8.0_251\bin;E:\Softwares\Maven\bin;E:\Softwares\Gradle\6.4.1\bin;E:\Softwares\Git\cmd;E:\Softwares\TortoiseGit\bin;E:\Softwares\VisualStudioCode\bin;C:\Program Files (x86)\NVIDIA Corporation\PhysX\Common;E:\Softwares\Yarn\bin\;E:\Softwares\Cygwin\bin;E:\Softwares\Cygwin\sbin;E:\Softwares\Cygwin\usr\local\bin;E:\Softwares\Mvnd\bin;E:\Workspaces\Nodejs\npm\prefix\bin;C:\Program Files\dotnet\;E:\Softwares\WechatDevTools\dll;C:\Program Files\Docker\Docker\resources\bin;C:\ProgramData\DockerDesktop\version-bin;C:\WINDOWS\system32;C:\WINDOWS;C:\WINDOWS\System32\Wbem;C:\WINDOWS\System32\WindowsPowerShell\v1.0\;C:\WINDOWS\System32\OpenSSH\;E:\Softwares\Nodejs\;E:\Softwares\Groovy\bin;E:\Softwares\JRuby\bin;C:\Users\sion1\AppData\Local\Microsoft\WindowsApps;C:\Users\sion1\AppData\Local\Yarn\bin;C:\Users\sion1\AppData\Local\JetBrains\Toolbox\scripts;C:\Users\sion1\AppData\Local\Microsoft\WindowsApps;C:\Users\sion1\AppData\Roaming\npm;
USERNAME=sion1
OS=Windows_NT
PROCESSOR_IDENTIFIER=Intel64 Family 6 Model 158 Stepping 10, GenuineIntel



---------------  S Y S T E M  ---------------

OS:
 Windows 10 , 64 bit Build 22621 (10.0.22621.755)
OS uptime: 0 days 2:49 hours
HyperV virtualization detected

CPU: total 12 (initial active 12) (6 cores per cpu, 2 threads per core) family 6 model 158 stepping 10, cmov, cx8, fxsr, mmx, sse, sse2, sse3, ssse3, sse4.1, sse4.2, popcnt, vzeroupper, avx, avx2, aes, clmul, erms, 3dnowpref, lzcnt, ht, tsc, tscinvbit, bmi1, bmi2, adx, fma, clflush, clflushopt

Memory: 4k page, system-wide physical 16174M (2416M free)
TotalPageFile size 19091M (AvailPageFile size 5M)
current process WorkingSet (physical memory assigned to process): 529M, peak: 529M
current process commit charge ("private bytes"): 570M, peak: 571M

vm_info: Java HotSpot(TM) 64-Bit Server VM (15+36-1562) for windows-amd64 JRE (15+36-1562), built on Aug 11 2020 22:38:02 by "mach5one" with unknown MS VC++:1925

END.
