#
# There is insufficient memory for the Java Runtime Environment to continue.
# Native memory allocation (malloc) failed to allocate 852656 bytes for Chunk::new
# Possible reasons:
#   The system is out of physical RAM or swap space
#   The process is running with CompressedOops enabled, and the Java Heap may be blocking the growth of the native heap
# Possible solutions:
#   Reduce memory load on the system
#   Increase physical memory or swap space
#   Check if swap backing store is full
#   Decrease Java heap size (-Xmx/-Xms)
#   Decrease number of Java threads
#   Decrease Java thread stack sizes (-Xss)
#   Set larger code cache with -XX:ReservedCodeCacheSize=
#   JVM is running with Zero Based Compressed Oops mode in which the Java heap is
#     placed in the first 32GB address space. The Java Heap base address is the
#     maximum limit for the native heap growth. Please use -XX:HeapBaseMinAddress
#     to set the Java Heap base and to place the Java Heap above 32GB virtual address.
# This output file may be truncated or incomplete.
#
#  Out of Memory Error (allocation.cpp:389), pid=10964, tid=0x00000000000023e4
#
# JRE version: Java(TM) SE Runtime Environment (8.0_251-b08) (build 1.8.0_251-b08)
# Java VM: Java HotSpot(TM) 64-Bit Server VM (25.251-b08 mixed mode windows-amd64 compressed oops)
# Failed to write core dump. Minidumps are not enabled by default on client versions of Windows
#

---------------  T H R E A D  ---------------

Current thread (0x000000001ebd4000):  JavaThread "C2 CompilerThread1" daemon [_thread_in_native, id=9188, stack(0x0000000020290000,0x0000000020390000)]

Stack: [0x0000000020290000,0x0000000020390000]
[error occurred during error reporting (printing stack bounds), id 0xc0000005]

Native frames: (J=compiled Java code, j=interpreted, Vv=VM code, C=native code)


Current CompileTask:
C2:  16115 8141       4       org.codehaus.plexus.util.xml.Xpp3Dom::mergeIntoXpp3Dom (490 bytes)


---------------  P R O C E S S  ---------------

Java Threads: ( => current thread )
  0x0000000024392800 JavaThread "BuilderThread 3" [_thread_in_native, id=7660, stack(0x0000000029c10000,0x0000000029d10000)]
  0x0000000024395000 JavaThread "resolver-5" daemon [_thread_blocked, id=2316, stack(0x0000000029310000,0x0000000029410000)]
  0x00000000280bb000 JavaThread "resolver-4" daemon [_thread_blocked, id=17492, stack(0x0000000029210000,0x0000000029310000)]
  0x00000000280ba800 JavaThread "resolver-3" daemon [_thread_blocked, id=11536, stack(0x0000000029110000,0x0000000029210000)]
  0x000000002611f000 JavaThread "resolver-1" daemon [_thread_blocked, id=14020, stack(0x0000000029010000,0x0000000029110000)]
  0x0000000024bf1000 JavaThread "resolver-2" daemon [_thread_blocked, id=6540, stack(0x0000000028f10000,0x0000000029010000)]
  0x0000000024456000 JavaThread "BuilderThread 2" [_thread_blocked, id=11504, stack(0x0000000026a90000,0x0000000026b90000)]
  0x0000000024068000 JavaThread "BuilderThread 1" [_thread_blocked, id=10576, stack(0x0000000026990000,0x0000000026a90000)]
  0x0000000022be9800 JavaThread "JGit-WorkQueue" daemon [_thread_blocked, id=20552, stack(0x0000000025400000,0x0000000025500000)]
  0x0000000021eb2000 JavaThread "JGit-FileStoreAttributeReader-1" daemon [_thread_blocked, id=11308, stack(0x0000000025160000,0x0000000025260000)]
  0x00000000231fa800 JavaThread "BuilderThread 0" [_thread_blocked, id=13696, stack(0x0000000025300000,0x0000000025400000)]
  0x000000001ec78000 JavaThread "Service Thread" daemon [_thread_blocked, id=3060, stack(0x0000000020590000,0x0000000020690000)]
  0x000000001ebdc800 JavaThread "C1 CompilerThread3" daemon [_thread_blocked, id=21580, stack(0x0000000020490000,0x0000000020590000)]
  0x000000001ebd6800 JavaThread "C2 CompilerThread2" daemon [_thread_blocked, id=17876, stack(0x0000000020390000,0x0000000020490000)]
=>0x000000001ebd4000 JavaThread "C2 CompilerThread1" daemon [_thread_in_native, id=9188, stack(0x0000000020290000,0x0000000020390000)]
  0x000000001ebd1000 JavaThread "C2 CompilerThread0" daemon [_thread_blocked, id=17964, stack(0x0000000020190000,0x0000000020290000)]
  0x000000001ebcb000 JavaThread "Monitor Ctrl-Break" daemon [_thread_in_native, id=7856, stack(0x0000000020090000,0x0000000020190000)]
  0x000000001eba3800 JavaThread "Attach Listener" daemon [_thread_blocked, id=18792, stack(0x000000001ff90000,0x0000000020090000)]
  0x000000001eb4f800 JavaThread "Signal Dispatcher" daemon [_thread_blocked, id=7388, stack(0x000000001fe90000,0x000000001ff90000)]
  0x00000000038fb800 JavaThread "Finalizer" daemon [_thread_blocked, id=3668, stack(0x000000001fd90000,0x000000001fe90000)]
  0x000000001eb33000 JavaThread "Reference Handler" daemon [_thread_blocked, id=4620, stack(0x000000001fc90000,0x000000001fd90000)]
  0x0000000003802800 JavaThread "main" [_thread_blocked, id=17844, stack(0x00000000034c0000,0x00000000035c0000)]

Other Threads:
  0x000000001eb12800 VMThread [stack: 0x000000001fb90000,0x000000001fc90000] [id=11804]
  0x000000001ec95000 WatcherThread [stack: 0x0000000020690000,0x0000000020790000] [id=3804]

VM state:not at safepoint (normal execution)

VM Mutex/Monitor currently owned by a thread: None

heap address: 0x00000006c3400000, size: 4044 MB, Compressed Oops mode: Zero based, Oop shift amount: 3
Narrow klass base: 0x0000000000000000, Narrow klass shift: 3
Compressed class space size: 1073741824 Address: 0x00000007c0000000

Heap:
 PSYoungGen      total 249856K, used 211210K [0x000000076bc00000, 0x0000000782400000, 0x00000007c0000000)
  eden space 218112K, 84% used [0x000000076bc00000,0x0000000776fee020,0x0000000779100000)
  from space 31744K, 84% used [0x0000000779100000,0x000000077ab549f8,0x000000077b000000)
  to   space 33792K, 0% used [0x0000000780300000,0x0000000780300000,0x0000000782400000)
 ParOldGen       total 189952K, used 43284K [0x00000006c3400000, 0x00000006ced80000, 0x000000076bc00000)
  object space 189952K, 22% used [0x00000006c3400000,0x00000006c5e45240,0x00000006ced80000)
 Metaspace       used 42452K, capacity 43910K, committed 44160K, reserved 1087488K
  class space    used 4870K, capacity 5241K, committed 5248K, reserved 1048576K

Card table byte_map: [0x0000000012cc0000,0x00000000134b0000] byte_map_base: 0x000000000f6a6000

Marking Bits: (ParMarkBitMap*) 0x0000000076f0af90
 Begin Bits: [0x0000000014400000, 0x0000000018330000)
 End Bits:   [0x0000000018330000, 0x000000001c260000)

Polling page: 0x0000000001880000

CodeCache: size=245760Kb used=24790Kb max_used=24790Kb free=220969Kb
 bounds [0x0000000003900000, 0x0000000005160000, 0x0000000012900000]
 total_blobs=7505 nmethods=6978 adapters=439
 compilation: enabled

Compilation events (10 events):
Event: 15.960 Thread 0x000000001ebdc800 8148       3       com.sun.crypto.provider.GHASH::putLong (37 bytes)
Event: 15.960 Thread 0x000000001ebdc800 nmethod 8148 0x00000000050e59d0 code [0x00000000050e5b40, 0x00000000050e5d50]
Event: 15.960 Thread 0x000000001ebdc800 8146       3       com.sun.crypto.provider.CipherCore::checkReinit (18 bytes)
Event: 15.960 Thread 0x000000001ebdc800 nmethod 8146 0x00000000050e5550 code [0x00000000050e56c0, 0x00000000050e5908]
Event: 15.960 Thread 0x000000001ebdc800 8147       3       com.sun.crypto.provider.GaloisCounterMode::getBufferedLength (17 bytes)
Event: 15.960 Thread 0x000000001ebdc800 nmethod 8147 0x00000000050e4f50 code [0x00000000050e50c0, 0x00000000050e5490]
Event: 15.961 Thread 0x000000001ebdc800 8149       3       com.sun.crypto.provider.GCTR::<init> (84 bytes)
Event: 15.961 Thread 0x000000001ebdc800 nmethod 8149 0x00000000050e3f90 code [0x00000000050e41a0, 0x00000000050e4ba8]
Event: 15.961 Thread 0x000000001ebdc800 8150       3       com.sun.crypto.provider.GHASH::reset (15 bytes)
Event: 15.962 Thread 0x000000001ebdc800 nmethod 8150 0x00000000050e3b90 code [0x00000000050e3ce0, 0x00000000050e3e90]

GC Heap History (10 events):
Event: 10.924 GC heap before
{Heap before GC invocations=9 (full 1):
 PSYoungGen      total 146944K, used 146929K [0x000000076bc00000, 0x0000000779e80000, 0x00000007c0000000)
  eden space 126464K, 100% used [0x000000076bc00000,0x0000000773780000,0x0000000773780000)
  from space 20480K, 99% used [0x0000000773780000,0x0000000774b7c470,0x0000000774b80000)
  to   space 26624K, 0% used [0x0000000778480000,0x0000000778480000,0x0000000779e80000)
 ParOldGen       total 112128K, used 26209K [0x00000006c3400000, 0x00000006ca180000, 0x000000076bc00000)
  object space 112128K, 23% used [0x00000006c3400000,0x00000006c4d986d0,0x00000006ca180000)
 Metaspace       used 31577K, capacity 32424K, committed 32640K, reserved 1077248K
  class space    used 3653K, capacity 3860K, committed 3968K, reserved 1048576K
Event: 10.936 GC heap after
Heap after GC invocations=9 (full 1):
 PSYoungGen      total 199168K, used 20817K [0x000000076bc00000, 0x0000000779c80000, 0x00000007c0000000)
  eden space 174592K, 0% used [0x000000076bc00000,0x000000076bc00000,0x0000000776680000)
  from space 24576K, 84% used [0x0000000778480000,0x00000007798d4490,0x0000000779c80000)
  to   space 27648K, 0% used [0x0000000776680000,0x0000000776680000,0x0000000778180000)
 ParOldGen       total 112128K, used 32482K [0x00000006c3400000, 0x00000006ca180000, 0x000000076bc00000)
  object space 112128K, 28% used [0x00000006c3400000,0x00000006c53b8a88,0x00000006ca180000)
 Metaspace       used 31577K, capacity 32424K, committed 32640K, reserved 1077248K
  class space    used 3653K, capacity 3860K, committed 3968K, reserved 1048576K
}
Event: 11.785 GC heap before
{Heap before GC invocations=10 (full 1):
 PSYoungGen      total 199168K, used 195409K [0x000000076bc00000, 0x0000000779c80000, 0x00000007c0000000)
  eden space 174592K, 100% used [0x000000076bc00000,0x0000000776680000,0x0000000776680000)
  from space 24576K, 84% used [0x0000000778480000,0x00000007798d4490,0x0000000779c80000)
  to   space 27648K, 0% used [0x0000000776680000,0x0000000776680000,0x0000000778180000)
 ParOldGen       total 112128K, used 32482K [0x00000006c3400000, 0x00000006ca180000, 0x000000076bc00000)
  object space 112128K, 28% used [0x00000006c3400000,0x00000006c53b8a88,0x00000006ca180000)
 Metaspace       used 32689K, capacity 33686K, committed 33920K, reserved 1079296K
  class space    used 3727K, capacity 3941K, committed 3968K, reserved 1048576K
Event: 11.799 GC heap after
Heap after GC invocations=10 (full 1):
 PSYoungGen      total 202240K, used 24721K [0x000000076bc00000, 0x000000077cd80000, 0x00000007c0000000)
  eden space 174592K, 0% used [0x000000076bc00000,0x000000076bc00000,0x0000000776680000)
  from space 27648K, 89% used [0x0000000776680000,0x0000000777ea47c8,0x0000000778180000)
  to   space 30208K, 0% used [0x000000077b000000,0x000000077b000000,0x000000077cd80000)
 ParOldGen       total 112128K, used 32490K [0x00000006c3400000, 0x00000006ca180000, 0x000000076bc00000)
  object space 112128K, 28% used [0x00000006c3400000,0x00000006c53baa88,0x00000006ca180000)
 Metaspace       used 32689K, capacity 33686K, committed 33920K, reserved 1079296K
  class space    used 3727K, capacity 3941K, committed 3968K, reserved 1048576K
}
Event: 12.008 GC heap before
{Heap before GC invocations=11 (full 1):
 PSYoungGen      total 202240K, used 74129K [0x000000076bc00000, 0x000000077cd80000, 0x00000007c0000000)
  eden space 174592K, 28% used [0x000000076bc00000,0x000000076ec3fd70,0x0000000776680000)
  from space 27648K, 89% used [0x0000000776680000,0x0000000777ea47c8,0x0000000778180000)
  to   space 30208K, 0% used [0x000000077b000000,0x000000077b000000,0x000000077cd80000)
 ParOldGen       total 112128K, used 32490K [0x00000006c3400000, 0x00000006ca180000, 0x000000076bc00000)
  object space 112128K, 28% used [0x00000006c3400000,0x00000006c53baa88,0x00000006ca180000)
 Metaspace       used 34320K, capacity 35338K, committed 35456K, reserved 1081344K
  class space    used 3934K, capacity 4173K, committed 4224K, reserved 1048576K
Event: 12.019 GC heap after
Heap after GC invocations=11 (full 1):
 PSYoungGen      total 248320K, used 24832K [0x000000076bc00000, 0x000000077e180000, 0x00000007c0000000)
  eden space 218112K, 0% used [0x000000076bc00000,0x000000076bc00000,0x0000000779100000)
  from space 30208K, 82% used [0x000000077b000000,0x000000077c840200,0x000000077cd80000)
  to   space 31744K, 0% used [0x0000000779100000,0x0000000779100000,0x000000077b000000)
 ParOldGen       total 112128K, used 32498K [0x00000006c3400000, 0x00000006ca180000, 0x000000076bc00000)
  object space 112128K, 28% used [0x00000006c3400000,0x00000006c53bca88,0x00000006ca180000)
 Metaspace       used 34320K, capacity 35338K, committed 35456K, reserved 1081344K
  class space    used 3934K, capacity 4173K, committed 4224K, reserved 1048576K
}
Event: 12.019 GC heap before
{Heap before GC invocations=12 (full 2):
 PSYoungGen      total 248320K, used 24832K [0x000000076bc00000, 0x000000077e180000, 0x00000007c0000000)
  eden space 218112K, 0% used [0x000000076bc00000,0x000000076bc00000,0x0000000779100000)
  from space 30208K, 82% used [0x000000077b000000,0x000000077c840200,0x000000077cd80000)
  to   space 31744K, 0% used [0x0000000779100000,0x0000000779100000,0x000000077b000000)
 ParOldGen       total 112128K, used 32498K [0x00000006c3400000, 0x00000006ca180000, 0x000000076bc00000)
  object space 112128K, 28% used [0x00000006c3400000,0x00000006c53bca88,0x00000006ca180000)
 Metaspace       used 34320K, capacity 35338K, committed 35456K, reserved 1081344K
  class space    used 3934K, capacity 4173K, committed 4224K, reserved 1048576K
Event: 12.103 GC heap after
Heap after GC invocations=12 (full 2):
 PSYoungGen      total 248320K, used 0K [0x000000076bc00000, 0x000000077e180000, 0x00000007c0000000)
  eden space 218112K, 0% used [0x000000076bc00000,0x000000076bc00000,0x0000000779100000)
  from space 30208K, 0% used [0x000000077b000000,0x000000077b000000,0x000000077cd80000)
  to   space 31744K, 0% used [0x0000000779100000,0x0000000779100000,0x000000077b000000)
 ParOldGen       total 189952K, used 43276K [0x00000006c3400000, 0x00000006ced80000, 0x000000076bc00000)
  object space 189952K, 22% used [0x00000006c3400000,0x00000006c5e43240,0x00000006ced80000)
 Metaspace       used 34320K, capacity 35338K, committed 35456K, reserved 1081344K
  class space    used 3934K, capacity 4173K, committed 4224K, reserved 1048576K
}
Event: 13.382 GC heap before
{Heap before GC invocations=13 (full 2):
 PSYoungGen      total 248320K, used 218112K [0x000000076bc00000, 0x000000077e180000, 0x00000007c0000000)
  eden space 218112K, 100% used [0x000000076bc00000,0x0000000779100000,0x0000000779100000)
  from space 30208K, 0% used [0x000000077b000000,0x000000077b000000,0x000000077cd80000)
  to   space 31744K, 0% used [0x0000000779100000,0x0000000779100000,0x000000077b000000)
 ParOldGen       total 189952K, used 43276K [0x00000006c3400000, 0x00000006ced80000, 0x000000076bc00000)
  object space 189952K, 22% used [0x00000006c3400000,0x00000006c5e43240,0x00000006ced80000)
 Metaspace       used 41173K, capacity 42600K, committed 42752K, reserved 1087488K
  class space    used 4768K, capacity 5108K, committed 5120K, reserved 1048576K
Event: 13.406 GC heap after
Heap after GC invocations=13 (full 2):
 PSYoungGen      total 249856K, used 26962K [0x000000076bc00000, 0x0000000782400000, 0x00000007c0000000)
  eden space 218112K, 0% used [0x000000076bc00000,0x000000076bc00000,0x0000000779100000)
  from space 31744K, 84% used [0x0000000779100000,0x000000077ab549f8,0x000000077b000000)
  to   space 33792K, 0% used [0x0000000780300000,0x0000000780300000,0x0000000782400000)
 ParOldGen       total 189952K, used 43284K [0x00000006c3400000, 0x00000006ced80000, 0x000000076bc00000)
  object space 189952K, 22% used [0x00000006c3400000,0x00000006c5e45240,0x00000006ced80000)
 Metaspace       used 41173K, capacity 42600K, committed 42752K, reserved 1087488K
  class space    used 4768K, capacity 5108K, committed 5120K, reserved 1048576K
}

Deoptimization events (10 events):
Event: 13.487 Thread 0x0000000024068000 Uncommon trap: reason=bimorphic action=maybe_recompile pc=0x00000000041c01c4 method=java.util.HashMap.putVal(ILjava/lang/Object;Ljava/lang/Object;ZZ)Ljava/lang/Object; @ 253
Event: 13.487 Thread 0x0000000024068000 Uncommon trap: reason=bimorphic action=maybe_recompile pc=0x00000000041c01c4 method=java.util.HashMap.putVal(ILjava/lang/Object;Ljava/lang/Object;ZZ)Ljava/lang/Object; @ 253
Event: 13.487 Thread 0x0000000024068000 Uncommon trap: reason=bimorphic action=maybe_recompile pc=0x00000000041c01c4 method=java.util.HashMap.putVal(ILjava/lang/Object;Ljava/lang/Object;ZZ)Ljava/lang/Object; @ 253
Event: 13.493 Thread 0x0000000024068000 Uncommon trap: reason=bimorphic action=maybe_recompile pc=0x0000000003cad688 method=java.util.HashMap.putVal(ILjava/lang/Object;Ljava/lang/Object;ZZ)Ljava/lang/Object; @ 253
Event: 13.533 Thread 0x0000000024068000 Uncommon trap: reason=unstable_if action=reinterpret pc=0x0000000004efbd2c method=com.sun.tools.javac.code.Scope.dble()V @ 44
Event: 13.640 Thread 0x0000000024456000 Uncommon trap: reason=unstable_if action=reinterpret pc=0x0000000004c1519c method=com.sun.tools.javac.util.Convert.chars2utf([CI[BII)I @ 35
Event: 13.717 Thread 0x0000000024392800 Uncommon trap: reason=class_check action=maybe_recompile pc=0x00000000050624bc method=java.util.Collections$UnmodifiableMap$UnmodifiableEntrySet$UnmodifiableEntry.<init>(Ljava/util/Map$Entry;)V @ 9
Event: 13.718 Thread 0x0000000024392800 Uncommon trap: reason=class_check action=maybe_recompile pc=0x00000000050624bc method=java.util.Collections$UnmodifiableMap$UnmodifiableEntrySet$UnmodifiableEntry.<init>(Ljava/util/Map$Entry;)V @ 9
Event: 13.718 Thread 0x0000000024392800 Uncommon trap: reason=class_check action=maybe_recompile pc=0x00000000050624bc method=java.util.Collections$UnmodifiableMap$UnmodifiableEntrySet$UnmodifiableEntry.<init>(Ljava/util/Map$Entry;)V @ 9
Event: 13.718 Thread 0x0000000024392800 Uncommon trap: reason=class_check action=maybe_recompile pc=0x00000000050624bc method=java.util.Collections$UnmodifiableMap$UnmodifiableEntrySet$UnmodifiableEntry.<init>(Ljava/util/Map$Entry;)V @ 9

Classes redefined (0 events):
No events

Internal exceptions (10 events):
Event: 12.445 Thread 0x0000000024456000 Exception <a 'java/security/PrivilegedActionException'> (0x00000007702f87b0) thrown at [C:\jenkins\workspace\8-2-build-windows-amd64-cygwin\jdk8u251\737\hotspot\src\share\vm\prims\jvm.cpp, line 1502]
Event: 12.445 Thread 0x0000000024456000 Exception <a 'java/security/PrivilegedActionException'> (0x00000007702f9df0) thrown at [C:\jenkins\workspace\8-2-build-windows-amd64-cygwin\jdk8u251\737\hotspot\src\share\vm\prims\jvm.cpp, line 1502]
Event: 12.445 Thread 0x0000000024456000 Exception <a 'java/security/PrivilegedActionException'> (0x00000007702fa1e8) thrown at [C:\jenkins\workspace\8-2-build-windows-amd64-cygwin\jdk8u251\737\hotspot\src\share\vm\prims\jvm.cpp, line 1502]
Event: 13.265 Thread 0x0000000024068000 Implicit null exception at 0x00000000045c390c to 0x00000000045c3a51
Event: 13.265 Thread 0x0000000024456000 Implicit null exception at 0x00000000045c390c to 0x00000000045c3a51
Event: 13.331 Thread 0x0000000024068000 Exception <a 'java/io/FileNotFoundException'> (0x000000077744c878) thrown at [C:\jenkins\workspace\8-2-build-windows-amd64-cygwin\jdk8u251\737\hotspot\src\share\vm\prims\jni.cpp, line 710]
Event: 13.433 Thread 0x0000000024068000 Implicit null exception at 0x0000000003ffc033 to 0x0000000003ffcbed
Event: 13.438 Thread 0x0000000024456000 Exception <a 'java/io/FileNotFoundException'> (0x000000076cb72768) thrown at [C:\jenkins\workspace\8-2-build-windows-amd64-cygwin\jdk8u251\737\hotspot\src\share\vm\prims\jni.cpp, line 710]
Event: 14.058 Thread 0x0000000024392800 Exception <a 'java/net/SocketTimeoutException': Read timed out> (0x0000000775141348) thrown at [C:\jenkins\workspace\8-2-build-windows-amd64-cygwin\jdk8u251\737\hotspot\src\share\vm\prims\jni.cpp, line 736]
Event: 14.435 Thread 0x0000000024392800 Exception <a 'java/net/SocketTimeoutException': Read timed out> (0x0000000775154d08) thrown at [C:\jenkins\workspace\8-2-build-windows-amd64-cygwin\jdk8u251\737\hotspot\src\share\vm\prims\jni.cpp, line 736]

Events (10 events):
Event: 13.843 Thread 0x0000000024392800 DEOPT PACKING pc=0x000000000473acf1 sp=0x0000000029d0d250
Event: 13.843 Thread 0x0000000024392800 DEOPT UNPACKING pc=0x0000000003947890 sp=0x0000000029d0d048 mode 0
Event: 14.043 loading class org/apache/maven/wagon/providers/file/FileWagon
Event: 14.043 loading class org/apache/maven/wagon/providers/file/FileWagon done
Event: 14.043 loading class org/apache/maven/wagon/providers/file/FileWagon
Event: 14.043 loading class org/apache/maven/wagon/providers/file/FileWagon done
Event: 14.043 loading class org/apache/maven/wagon/providers/http/HttpWagon
Event: 14.043 loading class org/apache/maven/wagon/providers/http/HttpWagon done
Event: 14.043 loading class org/apache/maven/wagon/providers/http/HttpWagon
Event: 14.043 loading class org/apache/maven/wagon/providers/http/HttpWagon done


Dynamic libraries:
0x00007ff65fd60000 - 0x00007ff65fd97000 	E:\Softwares\Java\jdk1.8.0_251\bin\java.exe
0x00007ffe51a10000 - 0x00007ffe51c08000 	C:\WINDOWS\SYSTEM32\ntdll.dll
0x00007ffe51910000 - 0x00007ffe519cd000 	C:\WINDOWS\System32\KERNEL32.DLL
0x00007ffe4f690000 - 0x00007ffe4f962000 	C:\WINDOWS\System32\KERNELBASE.dll
0x00007ffe50590000 - 0x00007ffe5063e000 	C:\WINDOWS\System32\ADVAPI32.dll
0x00007ffe4fad0000 - 0x00007ffe4fb6e000 	C:\WINDOWS\System32\msvcrt.dll
0x00007ffe50340000 - 0x00007ffe503dc000 	C:\WINDOWS\System32\sechost.dll
0x00007ffe51600000 - 0x00007ffe51725000 	C:\WINDOWS\System32\RPCRT4.dll
0x00007ffe503f0000 - 0x00007ffe5058d000 	C:\WINDOWS\System32\USER32.dll
0x00007ffe4f270000 - 0x00007ffe4f292000 	C:\WINDOWS\System32\win32u.dll
0x00007ffe51160000 - 0x00007ffe5118b000 	C:\WINDOWS\System32\GDI32.dll
0x00007ffe4f580000 - 0x00007ffe4f68f000 	C:\WINDOWS\System32\gdi32full.dll
0x00007ffe4f1d0000 - 0x00007ffe4f26d000 	C:\WINDOWS\System32\msvcp_win.dll
0x00007ffe4f970000 - 0x00007ffe4fa70000 	C:\WINDOWS\System32\ucrtbase.dll
0x00007ffe31b30000 - 0x00007ffe31dca000 	C:\WINDOWS\WinSxS\amd64_microsoft.windows.common-controls_6595b64144ccf1df_6.0.19041.1110_none_60b5254171f9507e\COMCTL32.dll
0x00007ffe50740000 - 0x00007ffe50770000 	C:\WINDOWS\System32\IMM32.DLL
0x00000000777d0000 - 0x00000000778a2000 	E:\Softwares\Java\jdk1.8.0_251\jre\bin\msvcr100.dll
0x00000000766e0000 - 0x0000000076f8b000 	E:\Softwares\Java\jdk1.8.0_251\jre\bin\server\jvm.dll
0x00007ffe503e0000 - 0x00007ffe503e8000 	C:\WINDOWS\System32\PSAPI.DLL
0x00007ffe4a5b0000 - 0x00007ffe4a5b9000 	C:\WINDOWS\SYSTEM32\WSOCK32.dll
0x00007ffe45c80000 - 0x00007ffe45c8a000 	C:\WINDOWS\SYSTEM32\VERSION.dll
0x00007ffe46e80000 - 0x00007ffe46ea7000 	C:\WINDOWS\SYSTEM32\WINMM.dll
0x00007ffe510d0000 - 0x00007ffe5113b000 	C:\WINDOWS\System32\WS2_32.dll
0x00007ffe44b40000 - 0x00007ffe44b4f000 	E:\Softwares\Java\jdk1.8.0_251\jre\bin\verify.dll
0x00007ffe207a0000 - 0x00007ffe207c9000 	E:\Softwares\Java\jdk1.8.0_251\jre\bin\java.dll
0x00007ffe35eb0000 - 0x00007ffe35ed3000 	E:\Softwares\Java\jdk1.8.0_251\jre\bin\instrument.dll
0x00007ffe20780000 - 0x00007ffe20796000 	E:\Softwares\Java\jdk1.8.0_251\jre\bin\zip.dll
0x00007ffe50770000 - 0x00007ffe50eb3000 	C:\WINDOWS\System32\SHELL32.dll
0x00007ffe4ced0000 - 0x00007ffe4d661000 	C:\WINDOWS\SYSTEM32\windows.storage.dll
0x00007ffe4ffd0000 - 0x00007ffe50324000 	C:\WINDOWS\System32\combase.dll
0x00007ffe4ea30000 - 0x00007ffe4ea60000 	C:\WINDOWS\SYSTEM32\Wldp.dll
0x00007ffe51730000 - 0x00007ffe517dd000 	C:\WINDOWS\System32\SHCORE.dll
0x00007ffe4fe90000 - 0x00007ffe4fee5000 	C:\WINDOWS\System32\shlwapi.dll
0x00007ffe4f060000 - 0x00007ffe4f07f000 	C:\WINDOWS\SYSTEM32\profapi.dll
0x00007ffe496e0000 - 0x00007ffe496fa000 	E:\Softwares\JetBrainsToolbox\toolbox\apps\IDEA-U\ch-0\222.4345.14\bin\breakgen64.dll
0x00007ffe20760000 - 0x00007ffe2077a000 	E:\Softwares\Java\jdk1.8.0_251\jre\bin\net.dll
0x00007ffe4e810000 - 0x00007ffe4e87a000 	C:\WINDOWS\system32\mswsock.dll
0x00007ffe4ea70000 - 0x00007ffe4ea88000 	C:\WINDOWS\SYSTEM32\CRYPTSP.dll
0x00007ffe4e150000 - 0x00007ffe4e184000 	C:\WINDOWS\system32\rsaenh.dll
0x00007ffe4f3f0000 - 0x00007ffe4f417000 	C:\WINDOWS\System32\bcrypt.dll
0x00007ffe4f020000 - 0x00007ffe4f04e000 	C:\WINDOWS\SYSTEM32\USERENV.dll
0x00007ffe4f2a0000 - 0x00007ffe4f322000 	C:\WINDOWS\System32\bcryptprimitives.dll
0x00007ffe4e9a0000 - 0x00007ffe4e9ac000 	C:\WINDOWS\SYSTEM32\CRYPTBASE.dll
0x00007ffe4e520000 - 0x00007ffe4e55b000 	C:\WINDOWS\SYSTEM32\IPHLPAPI.DLL
0x00007ffe50730000 - 0x00007ffe50738000 	C:\WINDOWS\System32\NSI.dll
0x00007ffe47670000 - 0x00007ffe47687000 	C:\WINDOWS\SYSTEM32\dhcpcsvc6.DLL
0x00007ffe47650000 - 0x00007ffe4766d000 	C:\WINDOWS\SYSTEM32\dhcpcsvc.DLL
0x00007ffe4e560000 - 0x00007ffe4e62a000 	C:\WINDOWS\SYSTEM32\DNSAPI.dll
0x00007ffe160e0000 - 0x00007ffe160f2000 	E:\Softwares\Java\jdk1.8.0_251\jre\bin\nio.dll
0x00007ffe4a560000 - 0x00007ffe4a56a000 	C:\Users\sion1\AppData\Local\Temp\jansi-1.17.1-1866877168781605769.dll
0x00007ffe496d0000 - 0x00007ffe496da000 	C:\Users\sion1\AppData\Local\Temp\jansi-1.17.1-923228014226249514.dll
0x00007ffe16100000 - 0x00007ffe16124000 	E:\Softwares\Java\jdk1.8.0_251\jre\bin\sunec.dll
0x00007ffe46dc0000 - 0x00007ffe46dca000 	C:\Windows\System32\rasadhlp.dll
0x00007ffe45e70000 - 0x00007ffe45ef0000 	C:\WINDOWS\System32\fwpuclnt.dll
0x00007ffe21b70000 - 0x00007ffe21b7c000 	E:\Softwares\Java\jdk1.8.0_251\jre\bin\sunmscapi.dll
0x00007ffe4f420000 - 0x00007ffe4f576000 	C:\WINDOWS\System32\CRYPT32.dll
0x00007ffe4eba0000 - 0x00007ffe4ebc7000 	C:\WINDOWS\SYSTEM32\ncrypt.dll
0x00007ffe4eb40000 - 0x00007ffe4eb7b000 	C:\WINDOWS\SYSTEM32\NTASN1.dll

VM Arguments:
jvm_args: -Dvisualgc.id=7828373944500 -Dmaven.multiModuleProjectDirectory=E:\Workspaces\Git\eden-demo-cola -Dmaven.home=C:\Users\sion1\.m2\wrapper\dists\apache-maven-3.6.3-bin\1iopthnavndlasol9gbrbg6bf2\apache-maven-3.6.3 -Dclassworlds.conf=C:\Users\sion1\.m2\wrapper\dists\apache-maven-3.6.3-bin\1iopthnavndlasol9gbrbg6bf2\apache-maven-3.6.3\bin\m2.conf -Dmaven.ext.class.path=E:\Softwares\JetBrainsToolbox\toolbox\apps\IDEA-U\ch-0\222.4345.14\plugins\maven\lib\maven-event-listener.jar -javaagent:E:\Softwares\JetBrainsToolbox\toolbox\apps\IDEA-U\ch-0\222.4345.14\lib\idea_rt.jar=57300:E:\Softwares\JetBrainsToolbox\toolbox\apps\IDEA-U\ch-0\222.4345.14\bin -Dfile.encoding=UTF-8 
java_command: org.codehaus.classworlds.Launcher -Didea.version=2022.2.3 --errors --update-snapshots -T 4C -s E:\Softwares\Maven\conf\settings.xml -Dmaven.repo.local=E:\Workspaces\Maven -DskipTests=true compile -P codeup,!coding,!github,!unit-test
java_class_path (initial): C:\Users\sion1\.m2\wrapper\dists\apache-maven-3.6.3-bin\1iopthnavndlasol9gbrbg6bf2\apache-maven-3.6.3\boot\plexus-classworlds-2.6.0.jar;C:\Users\sion1\.m2\wrapper\dists\apache-maven-3.6.3-bin\1iopthnavndlasol9gbrbg6bf2\apache-maven-3.6.3\boot\plexus-classworlds.license;E:\Softwares\JetBrainsToolbox\toolbox\apps\IDEA-U\ch-0\222.4345.14\lib\idea_rt.jar
Launcher Type: SUN_STANDARD

Environment Variables:
JAVA_HOME=E:\Softwares\Java\jdk1.8.0_251
PATH=C:\WINDOWS\system32;C:\WINDOWS;C:\WINDOWS\System32\Wbem;C:\WINDOWS\System32\WindowsPowerShell\v1.0\;C:\WINDOWS\System32\OpenSSH\;E:\Softwares\Java\jdk1.8.0_251\bin;E:\Softwares\Maven\bin;E:\Softwares\Gradle\6.4.1\bin;E:\Softwares\Git\cmd;E:\Softwares\TortoiseGit\bin;E:\Softwares\VisualStudioCode\bin;C:\Program Files (x86)\NVIDIA Corporation\PhysX\Common;E:\Softwares\Yarn\bin\;E:\Softwares\Nodejs\;E:\Softwares\Cygwin\bin;E:\Softwares\Cygwin\sbin;E:\Softwares\Cygwin\usr\local\bin;E:\Softwares\Mvnd\bin;E:\Workspaces\Nodejs\npm\prefix\bin;C:\Program Files\dotnet\;E:\Softwares\WechatDevTools\dll;C:\Program Files\Docker\Docker\resources\bin;C:\ProgramData\DockerDesktop\version-bin;E:\Softwares\Python\3.10.4\Scripts\;E:\Softwares\Python\3.10.4\;E:\Softwares\JRuby\bin;C:\Users\sion1\AppData\Local\Microsoft\WindowsApps;C:\Users\sion1\AppData\Local\Yarn\bin;C:\Users\sion1\AppData\Roaming\npm;;C:\Users\sion1\AppData\Local\JetBrains\Toolbox\scripts
USERNAME=sion1
OS=Windows_NT
PROCESSOR_IDENTIFIER=Intel64 Family 6 Model 158 Stepping 10, GenuineIntel



---------------  S Y S T E M  ---------------

OS: Windows 10.0 , 64 bit Build 19041 (10.0.19041.1889)

CPU:total 12 (initial active 12) (6 cores per cpu, 2 threads per core) family 6 model 158 stepping 10, cmov, cx8, fxsr, mmx, sse, sse2, sse3, ssse3, sse4.1, sse4.2, popcnt, avx, avx2, aes, clmul, erms, 3dnowpref, lzcnt, ht, tsc, tscinvbit, bmi1, bmi2, adx

Memory: 4k page, physical 16562660k(2024392k free), swap 19549668k(4552k free)

vm_info: Java HotSpot(TM) 64-Bit Server VM (25.251-b08) for windows-amd64 JRE (1.8.0_251-b08), built on Mar 12 2020 06:31:49 by "" with MS VC++ 10.0 (VS2010)

time: Mon Oct 17 23:56:05 2022
timezone: 中国标准时间
elapsed time: 16 seconds (0d 0h 0m 16s)

